CRITICAL - 2022-02-11 01:16:27 --> Undefined variable $url
#0 D:\Projek\CI4\opd.intanjayakab.go.id\app\Views\config\navbar.php(6): CodeIgniter\Debug\Exceptions->errorHandler()
#1 D:\Projek\CI4\opd.intanjayakab.go.id\system\View\View.php(210): include('...')
#2 D:\Projek\CI4\opd.intanjayakab.go.id\system\View\View.php(213): CodeIgniter\View\View->CodeIgniter\View\{closure}()
#3 D:\Projek\CI4\opd.intanjayakab.go.id\system\View\View.php(424): CodeIgniter\View\View->render()
#4 D:\Projek\CI4\opd.intanjayakab.go.id\app\Views\config\template.php(98): CodeIgniter\View\View->include()
#5 D:\Projek\CI4\opd.intanjayakab.go.id\system\View\View.php(210): include('...')
#6 D:\Projek\CI4\opd.intanjayakab.go.id\system\View\View.php(213): CodeIgniter\View\View->CodeIgniter\View\{closure}()
#7 D:\Projek\CI4\opd.intanjayakab.go.id\system\View\View.php(226): CodeIgniter\View\View->render()
#8 D:\Projek\CI4\opd.intanjayakab.go.id\system\Common.php(1089): CodeIgniter\View\View->render()
#9 D:\Projek\CI4\opd.intanjayakab.go.id\app\Controllers\Home.php(29): view()
#10 D:\Projek\CI4\opd.intanjayakab.go.id\system\CodeIgniter.php(825): App\Controllers\Home->program_kerja()
#11 D:\Projek\CI4\opd.intanjayakab.go.id\system\CodeIgniter.php(412): CodeIgniter\CodeIgniter->runController()
#12 D:\Projek\CI4\opd.intanjayakab.go.id\system\CodeIgniter.php(320): CodeIgniter\CodeIgniter->handleRequest()
#13 D:\Projek\CI4\opd.intanjayakab.go.id\public\index.php(37): CodeIgniter\CodeIgniter->run()
#14 D:\Projek\CI4\opd.intanjayakab.go.id\system\Commands\Server\rewrite.php(43): require_once('...')
#15 {main}
CRITICAL - 2022-02-11 01:16:33 --> Undefined variable $url
#0 D:\Projek\CI4\opd.intanjayakab.go.id\app\Views\config\navbar.php(6): CodeIgniter\Debug\Exceptions->errorHandler()
#1 D:\Projek\CI4\opd.intanjayakab.go.id\system\View\View.php(210): include('...')
#2 D:\Projek\CI4\opd.intanjayakab.go.id\system\View\View.php(213): CodeIgniter\View\View->CodeIgniter\View\{closure}()
#3 D:\Projek\CI4\opd.intanjayakab.go.id\system\View\View.php(424): CodeIgniter\View\View->render()
#4 D:\Projek\CI4\opd.intanjayakab.go.id\app\Views\config\template.php(98): CodeIgniter\View\View->include()
#5 D:\Projek\CI4\opd.intanjayakab.go.id\system\View\View.php(210): include('...')
#6 D:\Projek\CI4\opd.intanjayakab.go.id\system\View\View.php(213): CodeIgniter\View\View->CodeIgniter\View\{closure}()
#7 D:\Projek\CI4\opd.intanjayakab.go.id\system\View\View.php(226): CodeIgniter\View\View->render()
#8 D:\Projek\CI4\opd.intanjayakab.go.id\system\Common.php(1089): CodeIgniter\View\View->render()
#9 D:\Projek\CI4\opd.intanjayakab.go.id\app\Controllers\Home.php(29): view()
#10 D:\Projek\CI4\opd.intanjayakab.go.id\system\CodeIgniter.php(825): App\Controllers\Home->program_kerja()
#11 D:\Projek\CI4\opd.intanjayakab.go.id\system\CodeIgniter.php(412): CodeIgniter\CodeIgniter->runController()
#12 D:\Projek\CI4\opd.intanjayakab.go.id\system\CodeIgniter.php(320): CodeIgniter\CodeIgniter->handleRequest()
#13 D:\Projek\CI4\opd.intanjayakab.go.id\public\index.php(37): CodeIgniter\CodeIgniter->run()
#14 D:\Projek\CI4\opd.intanjayakab.go.id\system\Commands\Server\rewrite.php(43): require_once('...')
#15 {main}
CRITICAL - 2022-02-11 01:26:45 --> Undefined variable $url
#0 D:\Projek\CI4\opd.intanjayakab.go.id\app\Views\config\navbar.php(6): CodeIgniter\Debug\Exceptions->errorHandler()
#1 D:\Projek\CI4\opd.intanjayakab.go.id\system\View\View.php(210): include('...')
#2 D:\Projek\CI4\opd.intanjayakab.go.id\system\View\View.php(213): CodeIgniter\View\View->CodeIgniter\View\{closure}()
#3 D:\Projek\CI4\opd.intanjayakab.go.id\system\View\View.php(424): CodeIgniter\View\View->render()
#4 D:\Projek\CI4\opd.intanjayakab.go.id\app\Views\config\template.php(98): CodeIgniter\View\View->include()
#5 D:\Projek\CI4\opd.intanjayakab.go.id\system\View\View.php(210): include('...')
#6 D:\Projek\CI4\opd.intanjayakab.go.id\system\View\View.php(213): CodeIgniter\View\View->CodeIgniter\View\{closure}()
#7 D:\Projek\CI4\opd.intanjayakab.go.id\system\View\View.php(226): CodeIgniter\View\View->render()
#8 D:\Projek\CI4\opd.intanjayakab.go.id\system\Common.php(1089): CodeIgniter\View\View->render()
#9 D:\Projek\CI4\opd.intanjayakab.go.id\app\Controllers\Home.php(23): view()
#10 D:\Projek\CI4\opd.intanjayakab.go.id\system\CodeIgniter.php(825): App\Controllers\Home->info_publik()
#11 D:\Projek\CI4\opd.intanjayakab.go.id\system\CodeIgniter.php(412): CodeIgniter\CodeIgniter->runController()
#12 D:\Projek\CI4\opd.intanjayakab.go.id\system\CodeIgniter.php(320): CodeIgniter\CodeIgniter->handleRequest()
#13 D:\Projek\CI4\opd.intanjayakab.go.id\public\index.php(37): CodeIgniter\CodeIgniter->run()
#14 D:\Projek\CI4\opd.intanjayakab.go.id\system\Commands\Server\rewrite.php(43): require_once('...')
#15 {main}
CRITICAL - 2022-02-11 01:27:05 --> Undefined variable $url
#0 D:\Projek\CI4\opd.intanjayakab.go.id\app\Views\config\navbar.php(6): CodeIgniter\Debug\Exceptions->errorHandler()
#1 D:\Projek\CI4\opd.intanjayakab.go.id\system\View\View.php(210): include('...')
#2 D:\Projek\CI4\opd.intanjayakab.go.id\system\View\View.php(213): CodeIgniter\View\View->CodeIgniter\View\{closure}()
#3 D:\Projek\CI4\opd.intanjayakab.go.id\system\View\View.php(424): CodeIgniter\View\View->render()
#4 D:\Projek\CI4\opd.intanjayakab.go.id\app\Views\config\template.php(98): CodeIgniter\View\View->include()
#5 D:\Projek\CI4\opd.intanjayakab.go.id\system\View\View.php(210): include('...')
#6 D:\Projek\CI4\opd.intanjayakab.go.id\system\View\View.php(213): CodeIgniter\View\View->CodeIgniter\View\{closure}()
#7 D:\Projek\CI4\opd.intanjayakab.go.id\system\View\View.php(226): CodeIgniter\View\View->render()
#8 D:\Projek\CI4\opd.intanjayakab.go.id\system\Common.php(1089): CodeIgniter\View\View->render()
#9 D:\Projek\CI4\opd.intanjayakab.go.id\app\Controllers\Home.php(23): view()
#10 D:\Projek\CI4\opd.intanjayakab.go.id\system\CodeIgniter.php(825): App\Controllers\Home->info_publik()
#11 D:\Projek\CI4\opd.intanjayakab.go.id\system\CodeIgniter.php(412): CodeIgniter\CodeIgniter->runController()
#12 D:\Projek\CI4\opd.intanjayakab.go.id\system\CodeIgniter.php(320): CodeIgniter\CodeIgniter->handleRequest()
#13 D:\Projek\CI4\opd.intanjayakab.go.id\public\index.php(37): CodeIgniter\CodeIgniter->run()
#14 D:\Projek\CI4\opd.intanjayakab.go.id\system\Commands\Server\rewrite.php(43): require_once('...')
#15 {main}
CRITICAL - 2022-02-11 19:35:28 --> Undefined variable $opd
#0 D:\Projek\CI4\opd.intanjayakab.go.id\app\Views\config\navbar.php(5): CodeIgniter\Debug\Exceptions->errorHandler()
#1 D:\Projek\CI4\opd.intanjayakab.go.id\system\View\View.php(210): include('...')
#2 D:\Projek\CI4\opd.intanjayakab.go.id\system\View\View.php(213): CodeIgniter\View\View->CodeIgniter\View\{closure}()
#3 D:\Projek\CI4\opd.intanjayakab.go.id\system\View\View.php(424): CodeIgniter\View\View->render()
#4 D:\Projek\CI4\opd.intanjayakab.go.id\app\Views\config\template.php(98): CodeIgniter\View\View->include()
#5 D:\Projek\CI4\opd.intanjayakab.go.id\system\View\View.php(210): include('...')
#6 D:\Projek\CI4\opd.intanjayakab.go.id\system\View\View.php(213): CodeIgniter\View\View->CodeIgniter\View\{closure}()
#7 D:\Projek\CI4\opd.intanjayakab.go.id\system\View\View.php(226): CodeIgniter\View\View->render()
#8 D:\Projek\CI4\opd.intanjayakab.go.id\system\Common.php(1089): CodeIgniter\View\View->render()
#9 D:\Projek\CI4\opd.intanjayakab.go.id\app\Controllers\Home.php(14): view()
#10 D:\Projek\CI4\opd.intanjayakab.go.id\system\CodeIgniter.php(825): App\Controllers\Home->index()
#11 D:\Projek\CI4\opd.intanjayakab.go.id\system\CodeIgniter.php(412): CodeIgniter\CodeIgniter->runController()
#12 D:\Projek\CI4\opd.intanjayakab.go.id\system\CodeIgniter.php(320): CodeIgniter\CodeIgniter->handleRequest()
#13 D:\Projek\CI4\opd.intanjayakab.go.id\public\index.php(37): CodeIgniter\CodeIgniter->run()
#14 D:\Projek\CI4\opd.intanjayakab.go.id\system\Commands\Server\rewrite.php(43): require_once('...')
#15 {main}
CRITICAL - 2022-02-11 20:25:58 --> syntax error, unexpected identifier "dd"
#0 D:\Projek\CI4\opd.intanjayakab.go.id\system\Autoloader\Autoloader.php(241): CodeIgniter\Autoloader\Autoloader->includeFile()
#1 D:\Projek\CI4\opd.intanjayakab.go.id\system\Autoloader\Autoloader.php(219): CodeIgniter\Autoloader\Autoloader->loadInNamespace()
#2 [internal function]: CodeIgniter\Autoloader\Autoloader->loadClass()
#3 D:\Projek\CI4\opd.intanjayakab.go.id\system\CodeIgniter.php(790): class_exists()
#4 D:\Projek\CI4\opd.intanjayakab.go.id\system\CodeIgniter.php(399): CodeIgniter\CodeIgniter->startController()
#5 D:\Projek\CI4\opd.intanjayakab.go.id\system\CodeIgniter.php(320): CodeIgniter\CodeIgniter->handleRequest()
#6 D:\Projek\CI4\opd.intanjayakab.go.id\public\index.php(37): CodeIgniter\CodeIgniter->run()
#7 D:\Projek\CI4\opd.intanjayakab.go.id\system\Commands\Server\rewrite.php(43): require_once('...')
#8 {main}
CRITICAL - 2022-02-11 20:29:44 --> Undefined array key "HTTP"
#0 D:\Projek\CI4\opd.intanjayakab.go.id\app\Controllers\Home.php(9): CodeIgniter\Debug\Exceptions->errorHandler()
#1 D:\Projek\CI4\opd.intanjayakab.go.id\system\CodeIgniter.php(825): App\Controllers\Home->index()
#2 D:\Projek\CI4\opd.intanjayakab.go.id\system\CodeIgniter.php(412): CodeIgniter\CodeIgniter->runController()
#3 D:\Projek\CI4\opd.intanjayakab.go.id\system\CodeIgniter.php(320): CodeIgniter\CodeIgniter->handleRequest()
#4 D:\Projek\CI4\opd.intanjayakab.go.id\public\index.php(37): CodeIgniter\CodeIgniter->run()
#5 D:\Projek\CI4\opd.intanjayakab.go.id\system\Commands\Server\rewrite.php(43): require_once('...')
#6 {main}
CRITICAL - 2022-02-11 20:29:49 --> Undefined array key "HTTPS"
#0 D:\Projek\CI4\opd.intanjayakab.go.id\app\Controllers\Home.php(9): CodeIgniter\Debug\Exceptions->errorHandler()
#1 D:\Projek\CI4\opd.intanjayakab.go.id\system\CodeIgniter.php(825): App\Controllers\Home->index()
#2 D:\Projek\CI4\opd.intanjayakab.go.id\system\CodeIgniter.php(412): CodeIgniter\CodeIgniter->runController()
#3 D:\Projek\CI4\opd.intanjayakab.go.id\system\CodeIgniter.php(320): CodeIgniter\CodeIgniter->handleRequest()
#4 D:\Projek\CI4\opd.intanjayakab.go.id\public\index.php(37): CodeIgniter\CodeIgniter->run()
#5 D:\Projek\CI4\opd.intanjayakab.go.id\system\Commands\Server\rewrite.php(43): require_once('...')
#6 {main}
CRITICAL - 2022-02-11 21:22:55 --> Only variables should be passed by reference
#0 D:\Projek\CI4\opd.intanjayakab.go.id\app\Controllers\Home.php(9): CodeIgniter\Debug\Exceptions->errorHandler()
#1 D:\Projek\CI4\opd.intanjayakab.go.id\system\CodeIgniter.php(825): App\Controllers\Home->index()
#2 D:\Projek\CI4\opd.intanjayakab.go.id\system\CodeIgniter.php(412): CodeIgniter\CodeIgniter->runController()
#3 D:\Projek\CI4\opd.intanjayakab.go.id\system\CodeIgniter.php(320): CodeIgniter\CodeIgniter->handleRequest()
#4 D:\Projek\CI4\opd.intanjayakab.go.id\public\index.php(37): CodeIgniter\CodeIgniter->run()
#5 D:\Projek\CI4\opd.intanjayakab.go.id\system\Commands\Server\rewrite.php(43): require_once('...')
#6 {main}
CRITICAL - 2022-02-11 21:23:39 --> Only variables should be passed by reference
#0 D:\Projek\CI4\opd.intanjayakab.go.id\app\Controllers\Home.php(9): CodeIgniter\Debug\Exceptions->errorHandler()
#1 D:\Projek\CI4\opd.intanjayakab.go.id\system\CodeIgniter.php(825): App\Controllers\Home->index()
#2 D:\Projek\CI4\opd.intanjayakab.go.id\system\CodeIgniter.php(412): CodeIgniter\CodeIgniter->runController()
#3 D:\Projek\CI4\opd.intanjayakab.go.id\system\CodeIgniter.php(320): CodeIgniter\CodeIgniter->handleRequest()
#4 D:\Projek\CI4\opd.intanjayakab.go.id\public\index.php(37): CodeIgniter\CodeIgniter->run()
#5 D:\Projek\CI4\opd.intanjayakab.go.id\system\Commands\Server\rewrite.php(43): require_once('...')
#6 {main}
CRITICAL - 2022-02-11 21:23:40 --> Only variables should be passed by reference
#0 D:\Projek\CI4\opd.intanjayakab.go.id\app\Controllers\Home.php(9): CodeIgniter\Debug\Exceptions->errorHandler()
#1 D:\Projek\CI4\opd.intanjayakab.go.id\system\CodeIgniter.php(825): App\Controllers\Home->index()
#2 D:\Projek\CI4\opd.intanjayakab.go.id\system\CodeIgniter.php(412): CodeIgniter\CodeIgniter->runController()
#3 D:\Projek\CI4\opd.intanjayakab.go.id\system\CodeIgniter.php(320): CodeIgniter\CodeIgniter->handleRequest()
#4 D:\Projek\CI4\opd.intanjayakab.go.id\public\index.php(37): CodeIgniter\CodeIgniter->run()
#5 D:\Projek\CI4\opd.intanjayakab.go.id\system\Commands\Server\rewrite.php(43): require_once('...')
#6 {main}
CRITICAL - 2022-02-11 21:23:57 --> Undefined variable $url
#0 D:\Projek\CI4\opd.intanjayakab.go.id\app\Views\pages\dashbord.php(24): CodeIgniter\Debug\Exceptions->errorHandler()
#1 D:\Projek\CI4\opd.intanjayakab.go.id\system\View\View.php(210): include('...')
#2 D:\Projek\CI4\opd.intanjayakab.go.id\system\View\View.php(213): CodeIgniter\View\View->CodeIgniter\View\{closure}()
#3 D:\Projek\CI4\opd.intanjayakab.go.id\system\Common.php(1089): CodeIgniter\View\View->render()
#4 D:\Projek\CI4\opd.intanjayakab.go.id\app\Controllers\Home.php(21): view()
#5 D:\Projek\CI4\opd.intanjayakab.go.id\system\CodeIgniter.php(825): App\Controllers\Home->index()
#6 D:\Projek\CI4\opd.intanjayakab.go.id\system\CodeIgniter.php(412): CodeIgniter\CodeIgniter->runController()
#7 D:\Projek\CI4\opd.intanjayakab.go.id\system\CodeIgniter.php(320): CodeIgniter\CodeIgniter->handleRequest()
#8 D:\Projek\CI4\opd.intanjayakab.go.id\public\index.php(37): CodeIgniter\CodeIgniter->run()
#9 D:\Projek\CI4\opd.intanjayakab.go.id\system\Commands\Server\rewrite.php(43): require_once('...')
#10 {main}
CRITICAL - 2022-02-11 21:27:41 --> Call to undefined function App\Controllers\curent_url()
#0 D:\Projek\CI4\opd.intanjayakab.go.id\system\CodeIgniter.php(825): App\Controllers\Home->index()
#1 D:\Projek\CI4\opd.intanjayakab.go.id\system\CodeIgniter.php(412): CodeIgniter\CodeIgniter->runController()
#2 D:\Projek\CI4\opd.intanjayakab.go.id\system\CodeIgniter.php(320): CodeIgniter\CodeIgniter->handleRequest()
#3 D:\Projek\CI4\opd.intanjayakab.go.id\public\index.php(37): CodeIgniter\CodeIgniter->run()
#4 D:\Projek\CI4\opd.intanjayakab.go.id\system\Commands\Server\rewrite.php(43): require_once('...')
#5 {main}
CRITICAL - 2022-02-11 21:27:48 --> Call to undefined function App\Controllers\curent_uri()
#0 D:\Projek\CI4\opd.intanjayakab.go.id\system\CodeIgniter.php(825): App\Controllers\Home->index()
#1 D:\Projek\CI4\opd.intanjayakab.go.id\system\CodeIgniter.php(412): CodeIgniter\CodeIgniter->runController()
#2 D:\Projek\CI4\opd.intanjayakab.go.id\system\CodeIgniter.php(320): CodeIgniter\CodeIgniter->handleRequest()
#3 D:\Projek\CI4\opd.intanjayakab.go.id\public\index.php(37): CodeIgniter\CodeIgniter->run()
#4 D:\Projek\CI4\opd.intanjayakab.go.id\system\Commands\Server\rewrite.php(43): require_once('...')
#5 {main}
CRITICAL - 2022-02-11 21:27:49 --> Call to undefined function App\Controllers\curent_uri()
#0 D:\Projek\CI4\opd.intanjayakab.go.id\system\CodeIgniter.php(825): App\Controllers\Home->index()
#1 D:\Projek\CI4\opd.intanjayakab.go.id\system\CodeIgniter.php(412): CodeIgniter\CodeIgniter->runController()
#2 D:\Projek\CI4\opd.intanjayakab.go.id\system\CodeIgniter.php(320): CodeIgniter\CodeIgniter->handleRequest()
#3 D:\Projek\CI4\opd.intanjayakab.go.id\public\index.php(37): CodeIgniter\CodeIgniter->run()
#4 D:\Projek\CI4\opd.intanjayakab.go.id\system\Commands\Server\rewrite.php(43): require_once('...')
#5 {main}
CRITICAL - 2022-02-11 21:28:03 --> Call to undefined function App\Controllers\current_uri()
#0 D:\Projek\CI4\opd.intanjayakab.go.id\system\CodeIgniter.php(825): App\Controllers\Home->index()
#1 D:\Projek\CI4\opd.intanjayakab.go.id\system\CodeIgniter.php(412): CodeIgniter\CodeIgniter->runController()
#2 D:\Projek\CI4\opd.intanjayakab.go.id\system\CodeIgniter.php(320): CodeIgniter\CodeIgniter->handleRequest()
#3 D:\Projek\CI4\opd.intanjayakab.go.id\public\index.php(37): CodeIgniter\CodeIgniter->run()
#4 D:\Projek\CI4\opd.intanjayakab.go.id\system\Commands\Server\rewrite.php(43): require_once('...')
#5 {main}
CRITICAL - 2022-02-11 22:25:57 --> Undefined constant "App\Controllers\lang"
#0 D:\Projek\CI4\opd.intanjayakab.go.id\system\CodeIgniter.php(825): App\Controllers\Home->index()
#1 D:\Projek\CI4\opd.intanjayakab.go.id\system\CodeIgniter.php(412): CodeIgniter\CodeIgniter->runController()
#2 D:\Projek\CI4\opd.intanjayakab.go.id\system\CodeIgniter.php(320): CodeIgniter\CodeIgniter->handleRequest()
#3 D:\Projek\CI4\opd.intanjayakab.go.id\public\index.php(37): CodeIgniter\CodeIgniter->run()
#4 D:\Projek\CI4\opd.intanjayakab.go.id\system\Commands\Server\rewrite.php(43): require_once('...')
#5 {main}
CRITICAL - 2022-02-11 22:25:59 --> Undefined constant "App\Controllers\lang"
#0 D:\Projek\CI4\opd.intanjayakab.go.id\system\CodeIgniter.php(825): App\Controllers\Home->index()
#1 D:\Projek\CI4\opd.intanjayakab.go.id\system\CodeIgniter.php(412): CodeIgniter\CodeIgniter->runController()
#2 D:\Projek\CI4\opd.intanjayakab.go.id\system\CodeIgniter.php(320): CodeIgniter\CodeIgniter->handleRequest()
#3 D:\Projek\CI4\opd.intanjayakab.go.id\public\index.php(37): CodeIgniter\CodeIgniter->run()
#4 D:\Projek\CI4\opd.intanjayakab.go.id\system\Commands\Server\rewrite.php(43): require_once('...')
#5 {main}
CRITICAL - 2022-02-11 22:26:06 --> Undefined variable $lang
#0 D:\Projek\CI4\opd.intanjayakab.go.id\app\Controllers\Home.php(11): CodeIgniter\Debug\Exceptions->errorHandler()
#1 D:\Projek\CI4\opd.intanjayakab.go.id\system\CodeIgniter.php(825): App\Controllers\Home->index()
#2 D:\Projek\CI4\opd.intanjayakab.go.id\system\CodeIgniter.php(412): CodeIgniter\CodeIgniter->runController()
#3 D:\Projek\CI4\opd.intanjayakab.go.id\system\CodeIgniter.php(320): CodeIgniter\CodeIgniter->handleRequest()
#4 D:\Projek\CI4\opd.intanjayakab.go.id\public\index.php(37): CodeIgniter\CodeIgniter->run()
#5 D:\Projek\CI4\opd.intanjayakab.go.id\system\Commands\Server\rewrite.php(43): require_once('...')
#6 {main}
CRITICAL - 2022-02-11 22:26:07 --> Undefined variable $lang
#0 D:\Projek\CI4\opd.intanjayakab.go.id\app\Controllers\Home.php(11): CodeIgniter\Debug\Exceptions->errorHandler()
#1 D:\Projek\CI4\opd.intanjayakab.go.id\system\CodeIgniter.php(825): App\Controllers\Home->index()
#2 D:\Projek\CI4\opd.intanjayakab.go.id\system\CodeIgniter.php(412): CodeIgniter\CodeIgniter->runController()
#3 D:\Projek\CI4\opd.intanjayakab.go.id\system\CodeIgniter.php(320): CodeIgniter\CodeIgniter->handleRequest()
#4 D:\Projek\CI4\opd.intanjayakab.go.id\public\index.php(37): CodeIgniter\CodeIgniter->run()
#5 D:\Projek\CI4\opd.intanjayakab.go.id\system\Commands\Server\rewrite.php(43): require_once('...')
#6 {main}
CRITICAL - 2022-02-11 22:26:41 --> Call to undefined method App\Controllers\Home::lang()
#0 D:\Projek\CI4\opd.intanjayakab.go.id\system\CodeIgniter.php(825): App\Controllers\Home->index()
#1 D:\Projek\CI4\opd.intanjayakab.go.id\system\CodeIgniter.php(412): CodeIgniter\CodeIgniter->runController()
#2 D:\Projek\CI4\opd.intanjayakab.go.id\system\CodeIgniter.php(320): CodeIgniter\CodeIgniter->handleRequest()
#3 D:\Projek\CI4\opd.intanjayakab.go.id\public\index.php(37): CodeIgniter\CodeIgniter->run()
#4 D:\Projek\CI4\opd.intanjayakab.go.id\system\Commands\Server\rewrite.php(43): require_once('...')
#5 {main}
CRITICAL - 2022-02-11 22:26:42 --> Call to undefined method App\Controllers\Home::lang()
#0 D:\Projek\CI4\opd.intanjayakab.go.id\system\CodeIgniter.php(825): App\Controllers\Home->index()
#1 D:\Projek\CI4\opd.intanjayakab.go.id\system\CodeIgniter.php(412): CodeIgniter\CodeIgniter->runController()
#2 D:\Projek\CI4\opd.intanjayakab.go.id\system\CodeIgniter.php(320): CodeIgniter\CodeIgniter->handleRequest()
#3 D:\Projek\CI4\opd.intanjayakab.go.id\public\index.php(37): CodeIgniter\CodeIgniter->run()
#4 D:\Projek\CI4\opd.intanjayakab.go.id\system\Commands\Server\rewrite.php(43): require_once('...')
#5 {main}
CRITICAL - 2022-02-11 22:27:02 --> Undefined property: App\Controllers\Home::$lang
#0 D:\Projek\CI4\opd.intanjayakab.go.id\app\Controllers\Home.php(11): CodeIgniter\Debug\Exceptions->errorHandler()
#1 D:\Projek\CI4\opd.intanjayakab.go.id\system\CodeIgniter.php(825): App\Controllers\Home->index()
#2 D:\Projek\CI4\opd.intanjayakab.go.id\system\CodeIgniter.php(412): CodeIgniter\CodeIgniter->runController()
#3 D:\Projek\CI4\opd.intanjayakab.go.id\system\CodeIgniter.php(320): CodeIgniter\CodeIgniter->handleRequest()
#4 D:\Projek\CI4\opd.intanjayakab.go.id\public\index.php(37): CodeIgniter\CodeIgniter->run()
#5 D:\Projek\CI4\opd.intanjayakab.go.id\system\Commands\Server\rewrite.php(43): require_once('...')
#6 {main}
CRITICAL - 2022-02-11 22:27:16 --> Undefined property: App\Controllers\Home::$lang
#0 D:\Projek\CI4\opd.intanjayakab.go.id\app\Controllers\Home.php(11): CodeIgniter\Debug\Exceptions->errorHandler()
#1 D:\Projek\CI4\opd.intanjayakab.go.id\system\CodeIgniter.php(825): App\Controllers\Home->index()
#2 D:\Projek\CI4\opd.intanjayakab.go.id\system\CodeIgniter.php(412): CodeIgniter\CodeIgniter->runController()
#3 D:\Projek\CI4\opd.intanjayakab.go.id\system\CodeIgniter.php(320): CodeIgniter\CodeIgniter->handleRequest()
#4 D:\Projek\CI4\opd.intanjayakab.go.id\public\index.php(37): CodeIgniter\CodeIgniter->run()
#5 D:\Projek\CI4\opd.intanjayakab.go.id\system\Commands\Server\rewrite.php(43): require_once('...')
#6 {main}
CRITICAL - 2022-02-11 22:28:25 --> Undefined property: App\Controllers\Home::$lang
#0 D:\Projek\CI4\opd.intanjayakab.go.id\app\Controllers\Home.php(11): CodeIgniter\Debug\Exceptions->errorHandler()
#1 D:\Projek\CI4\opd.intanjayakab.go.id\system\CodeIgniter.php(825): App\Controllers\Home->index()
#2 D:\Projek\CI4\opd.intanjayakab.go.id\system\CodeIgniter.php(412): CodeIgniter\CodeIgniter->runController()
#3 D:\Projek\CI4\opd.intanjayakab.go.id\system\CodeIgniter.php(320): CodeIgniter\CodeIgniter->handleRequest()
#4 D:\Projek\CI4\opd.intanjayakab.go.id\public\index.php(37): CodeIgniter\CodeIgniter->run()
#5 D:\Projek\CI4\opd.intanjayakab.go.id\system\Commands\Server\rewrite.php(43): require_once('...')
#6 {main}
CRITICAL - 2022-02-11 22:28:56 --> Undefined property: App\Controllers\Home::$lang
#0 D:\Projek\CI4\opd.intanjayakab.go.id\app\Controllers\Home.php(11): CodeIgniter\Debug\Exceptions->errorHandler()
#1 D:\Projek\CI4\opd.intanjayakab.go.id\system\CodeIgniter.php(825): App\Controllers\Home->index()
#2 D:\Projek\CI4\opd.intanjayakab.go.id\system\CodeIgniter.php(412): CodeIgniter\CodeIgniter->runController()
#3 D:\Projek\CI4\opd.intanjayakab.go.id\system\CodeIgniter.php(320): CodeIgniter\CodeIgniter->handleRequest()
#4 D:\Projek\CI4\opd.intanjayakab.go.id\public\index.php(37): CodeIgniter\CodeIgniter->run()
#5 D:\Projek\CI4\opd.intanjayakab.go.id\system\Commands\Server\rewrite.php(43): require_once('...')
#6 {main}
CRITICAL - 2022-02-11 22:33:39 --> Undefined variable $opd
#0 D:\Projek\CI4\opd.intanjayakab.go.id\app\Views\config\navbar.php(5): CodeIgniter\Debug\Exceptions->errorHandler()
#1 D:\Projek\CI4\opd.intanjayakab.go.id\system\View\View.php(210): include('...')
#2 D:\Projek\CI4\opd.intanjayakab.go.id\system\View\View.php(213): CodeIgniter\View\View->CodeIgniter\View\{closure}()
#3 D:\Projek\CI4\opd.intanjayakab.go.id\system\View\View.php(424): CodeIgniter\View\View->render()
#4 D:\Projek\CI4\opd.intanjayakab.go.id\app\Views\config\template.php(98): CodeIgniter\View\View->include()
#5 D:\Projek\CI4\opd.intanjayakab.go.id\system\View\View.php(210): include('...')
#6 D:\Projek\CI4\opd.intanjayakab.go.id\system\View\View.php(213): CodeIgniter\View\View->CodeIgniter\View\{closure}()
#7 D:\Projek\CI4\opd.intanjayakab.go.id\system\View\View.php(226): CodeIgniter\View\View->render()
#8 D:\Projek\CI4\opd.intanjayakab.go.id\system\Common.php(1089): CodeIgniter\View\View->render()
#9 D:\Projek\CI4\opd.intanjayakab.go.id\app\Controllers\Home.php(10): view()
#10 D:\Projek\CI4\opd.intanjayakab.go.id\system\CodeIgniter.php(825): App\Controllers\Home->index()
#11 D:\Projek\CI4\opd.intanjayakab.go.id\system\CodeIgniter.php(412): CodeIgniter\CodeIgniter->runController()
#12 D:\Projek\CI4\opd.intanjayakab.go.id\system\CodeIgniter.php(320): CodeIgniter\CodeIgniter->handleRequest()
#13 D:\Projek\CI4\opd.intanjayakab.go.id\public\index.php(37): CodeIgniter\CodeIgniter->run()
#14 D:\Projek\CI4\opd.intanjayakab.go.id\system\Commands\Server\rewrite.php(43): require_once('...')
#15 {main}
CRITICAL - 2022-02-11 22:43:14 --> Cannot call constructor
#0 D:\Projek\CI4\opd.intanjayakab.go.id\system\CodeIgniter.php(802): App\Controllers\Home->__construct()
#1 D:\Projek\CI4\opd.intanjayakab.go.id\system\CodeIgniter.php(403): CodeIgniter\CodeIgniter->createController()
#2 D:\Projek\CI4\opd.intanjayakab.go.id\system\CodeIgniter.php(320): CodeIgniter\CodeIgniter->handleRequest()
#3 D:\Projek\CI4\opd.intanjayakab.go.id\public\index.php(37): CodeIgniter\CodeIgniter->run()
#4 D:\Projek\CI4\opd.intanjayakab.go.id\system\Commands\Server\rewrite.php(43): require_once('...')
#5 {main}
CRITICAL - 2022-02-11 22:50:11 --> Undefined property: App\Controllers\Home::$db
#0 D:\Projek\CI4\opd.intanjayakab.go.id\app\Controllers\Home.php(15): CodeIgniter\Debug\Exceptions->errorHandler()
#1 D:\Projek\CI4\opd.intanjayakab.go.id\system\CodeIgniter.php(825): App\Controllers\Home->index()
#2 D:\Projek\CI4\opd.intanjayakab.go.id\system\CodeIgniter.php(412): CodeIgniter\CodeIgniter->runController()
#3 D:\Projek\CI4\opd.intanjayakab.go.id\system\CodeIgniter.php(320): CodeIgniter\CodeIgniter->handleRequest()
#4 D:\Projek\CI4\opd.intanjayakab.go.id\public\index.php(37): CodeIgniter\CodeIgniter->run()
#5 D:\Projek\CI4\opd.intanjayakab.go.id\system\Commands\Server\rewrite.php(43): require_once('...')
#6 {main}
ERROR - 2022-02-11 22:50:48 --> Error connecting to the database: Access denied for user ''@'localhost' (using password: NO)
CRITICAL - 2022-02-11 22:50:48 --> Unable to connect to the database.
Main connection [MySQLi]: Access denied for user ''@'localhost' (using password: NO)
#0 D:\Projek\CI4\opd.intanjayakab.go.id\system\Database\BaseConnection.php(577): CodeIgniter\Database\BaseConnection->initialize()
#1 D:\Projek\CI4\opd.intanjayakab.go.id\app\Controllers\Home.php(16): CodeIgniter\Database\BaseConnection->query()
#2 D:\Projek\CI4\opd.intanjayakab.go.id\system\CodeIgniter.php(825): App\Controllers\Home->index()
#3 D:\Projek\CI4\opd.intanjayakab.go.id\system\CodeIgniter.php(412): CodeIgniter\CodeIgniter->runController()
#4 D:\Projek\CI4\opd.intanjayakab.go.id\system\CodeIgniter.php(320): CodeIgniter\CodeIgniter->handleRequest()
#5 D:\Projek\CI4\opd.intanjayakab.go.id\public\index.php(37): CodeIgniter\CodeIgniter->run()
#6 D:\Projek\CI4\opd.intanjayakab.go.id\system\Commands\Server\rewrite.php(43): require_once('...')
#7 {main}
ERROR - 2022-02-11 22:51:21 --> Table 'portal_intan_jaya.artikel_view' doesn't exist
CRITICAL - 2022-02-11 22:51:21 --> Table 'portal_intan_jaya.artikel_view' doesn't exist
#0 D:\Projek\CI4\opd.intanjayakab.go.id\system\Database\MySQLi\Connection.php(292): mysqli->query()
#1 D:\Projek\CI4\opd.intanjayakab.go.id\system\Database\BaseConnection.php(670): CodeIgniter\Database\MySQLi\Connection->execute()
#2 D:\Projek\CI4\opd.intanjayakab.go.id\system\Database\BaseConnection.php(598): CodeIgniter\Database\BaseConnection->simpleQuery()
#3 D:\Projek\CI4\opd.intanjayakab.go.id\app\Controllers\Home.php(16): CodeIgniter\Database\BaseConnection->query()
#4 D:\Projek\CI4\opd.intanjayakab.go.id\system\CodeIgniter.php(825): App\Controllers\Home->index()
#5 D:\Projek\CI4\opd.intanjayakab.go.id\system\CodeIgniter.php(412): CodeIgniter\CodeIgniter->runController()
#6 D:\Projek\CI4\opd.intanjayakab.go.id\system\CodeIgniter.php(320): CodeIgniter\CodeIgniter->handleRequest()
#7 D:\Projek\CI4\opd.intanjayakab.go.id\public\index.php(37): CodeIgniter\CodeIgniter->run()
#8 D:\Projek\CI4\opd.intanjayakab.go.id\system\Commands\Server\rewrite.php(43): require_once('...')
#9 {main}
ERROR - 2022-02-11 22:51:23 --> Table 'portal_intan_jaya.artikel_view' doesn't exist
CRITICAL - 2022-02-11 22:51:23 --> Table 'portal_intan_jaya.artikel_view' doesn't exist
#0 D:\Projek\CI4\opd.intanjayakab.go.id\system\Database\MySQLi\Connection.php(292): mysqli->query()
#1 D:\Projek\CI4\opd.intanjayakab.go.id\system\Database\BaseConnection.php(670): CodeIgniter\Database\MySQLi\Connection->execute()
#2 D:\Projek\CI4\opd.intanjayakab.go.id\system\Database\BaseConnection.php(598): CodeIgniter\Database\BaseConnection->simpleQuery()
#3 D:\Projek\CI4\opd.intanjayakab.go.id\app\Controllers\Home.php(16): CodeIgniter\Database\BaseConnection->query()
#4 D:\Projek\CI4\opd.intanjayakab.go.id\system\CodeIgniter.php(825): App\Controllers\Home->index()
#5 D:\Projek\CI4\opd.intanjayakab.go.id\system\CodeIgniter.php(412): CodeIgniter\CodeIgniter->runController()
#6 D:\Projek\CI4\opd.intanjayakab.go.id\system\CodeIgniter.php(320): CodeIgniter\CodeIgniter->handleRequest()
#7 D:\Projek\CI4\opd.intanjayakab.go.id\public\index.php(37): CodeIgniter\CodeIgniter->run()
#8 D:\Projek\CI4\opd.intanjayakab.go.id\system\Commands\Server\rewrite.php(43): require_once('...')
#9 {main}
ERROR - 2022-02-11 22:51:30 --> Error connecting to the database: Unknown database 'portal.intan_jaya'
CRITICAL - 2022-02-11 22:51:30 --> Unable to connect to the database.
Main connection [MySQLi]: Unknown database 'portal.intan_jaya'
#0 D:\Projek\CI4\opd.intanjayakab.go.id\system\Database\BaseConnection.php(577): CodeIgniter\Database\BaseConnection->initialize()
#1 D:\Projek\CI4\opd.intanjayakab.go.id\app\Controllers\Home.php(16): CodeIgniter\Database\BaseConnection->query()
#2 D:\Projek\CI4\opd.intanjayakab.go.id\system\CodeIgniter.php(825): App\Controllers\Home->index()
#3 D:\Projek\CI4\opd.intanjayakab.go.id\system\CodeIgniter.php(412): CodeIgniter\CodeIgniter->runController()
#4 D:\Projek\CI4\opd.intanjayakab.go.id\system\CodeIgniter.php(320): CodeIgniter\CodeIgniter->handleRequest()
#5 D:\Projek\CI4\opd.intanjayakab.go.id\public\index.php(37): CodeIgniter\CodeIgniter->run()
#6 D:\Projek\CI4\opd.intanjayakab.go.id\system\Commands\Server\rewrite.php(43): require_once('...')
#7 {main}
ERROR - 2022-02-11 22:51:47 --> Table 'portal_intan_jaya.artikel_view' doesn't exist
CRITICAL - 2022-02-11 22:51:47 --> Table 'portal_intan_jaya.artikel_view' doesn't exist
#0 D:\Projek\CI4\opd.intanjayakab.go.id\system\Database\MySQLi\Connection.php(292): mysqli->query()
#1 D:\Projek\CI4\opd.intanjayakab.go.id\system\Database\BaseConnection.php(670): CodeIgniter\Database\MySQLi\Connection->execute()
#2 D:\Projek\CI4\opd.intanjayakab.go.id\system\Database\BaseConnection.php(598): CodeIgniter\Database\BaseConnection->simpleQuery()
#3 D:\Projek\CI4\opd.intanjayakab.go.id\app\Controllers\Home.php(16): CodeIgniter\Database\BaseConnection->query()
#4 D:\Projek\CI4\opd.intanjayakab.go.id\system\CodeIgniter.php(825): App\Controllers\Home->index()
#5 D:\Projek\CI4\opd.intanjayakab.go.id\system\CodeIgniter.php(412): CodeIgniter\CodeIgniter->runController()
#6 D:\Projek\CI4\opd.intanjayakab.go.id\system\CodeIgniter.php(320): CodeIgniter\CodeIgniter->handleRequest()
#7 D:\Projek\CI4\opd.intanjayakab.go.id\public\index.php(37): CodeIgniter\CodeIgniter->run()
#8 D:\Projek\CI4\opd.intanjayakab.go.id\system\Commands\Server\rewrite.php(43): require_once('...')
#9 {main}
ERROR - 2022-02-11 22:51:57 --> Error connecting to the database: Unknown database 'portal_intan.jaya'
CRITICAL - 2022-02-11 22:51:57 --> Unable to connect to the database.
Main connection [MySQLi]: Unknown database 'portal_intan.jaya'
#0 D:\Projek\CI4\opd.intanjayakab.go.id\system\Database\BaseConnection.php(577): CodeIgniter\Database\BaseConnection->initialize()
#1 D:\Projek\CI4\opd.intanjayakab.go.id\app\Controllers\Home.php(16): CodeIgniter\Database\BaseConnection->query()
#2 D:\Projek\CI4\opd.intanjayakab.go.id\system\CodeIgniter.php(825): App\Controllers\Home->index()
#3 D:\Projek\CI4\opd.intanjayakab.go.id\system\CodeIgniter.php(412): CodeIgniter\CodeIgniter->runController()
#4 D:\Projek\CI4\opd.intanjayakab.go.id\system\CodeIgniter.php(320): CodeIgniter\CodeIgniter->handleRequest()
#5 D:\Projek\CI4\opd.intanjayakab.go.id\public\index.php(37): CodeIgniter\CodeIgniter->run()
#6 D:\Projek\CI4\opd.intanjayakab.go.id\system\Commands\Server\rewrite.php(43): require_once('...')
#7 {main}
ERROR - 2022-02-11 22:52:21 --> Table 'portal_intan_jaya.artikel_view' doesn't exist
CRITICAL - 2022-02-11 22:52:21 --> Table 'portal_intan_jaya.artikel_view' doesn't exist
#0 D:\Projek\CI4\opd.intanjayakab.go.id\system\Database\MySQLi\Connection.php(292): mysqli->query()
#1 D:\Projek\CI4\opd.intanjayakab.go.id\system\Database\BaseConnection.php(670): CodeIgniter\Database\MySQLi\Connection->execute()
#2 D:\Projek\CI4\opd.intanjayakab.go.id\system\Database\BaseConnection.php(598): CodeIgniter\Database\BaseConnection->simpleQuery()
#3 D:\Projek\CI4\opd.intanjayakab.go.id\app\Controllers\Home.php(16): CodeIgniter\Database\BaseConnection->query()
#4 D:\Projek\CI4\opd.intanjayakab.go.id\system\CodeIgniter.php(825): App\Controllers\Home->index()
#5 D:\Projek\CI4\opd.intanjayakab.go.id\system\CodeIgniter.php(412): CodeIgniter\CodeIgniter->runController()
#6 D:\Projek\CI4\opd.intanjayakab.go.id\system\CodeIgniter.php(320): CodeIgniter\CodeIgniter->handleRequest()
#7 D:\Projek\CI4\opd.intanjayakab.go.id\public\index.php(37): CodeIgniter\CodeIgniter->run()
#8 D:\Projek\CI4\opd.intanjayakab.go.id\system\Commands\Server\rewrite.php(43): require_once('...')
#9 {main}
CRITICAL - 2022-02-11 22:56:20 --> Object of class stdClass could not be converted to string
#0 D:\Projek\CI4\opd.intanjayakab.go.id\system\View\View.php(210): include()
#1 D:\Projek\CI4\opd.intanjayakab.go.id\system\View\View.php(213): CodeIgniter\View\View->CodeIgniter\View\{closure}()
#2 D:\Projek\CI4\opd.intanjayakab.go.id\system\Common.php(1089): CodeIgniter\View\View->render()
#3 D:\Projek\CI4\opd.intanjayakab.go.id\app\Controllers\Home.php(22): view()
#4 D:\Projek\CI4\opd.intanjayakab.go.id\system\CodeIgniter.php(825): App\Controllers\Home->index()
#5 D:\Projek\CI4\opd.intanjayakab.go.id\system\CodeIgniter.php(412): CodeIgniter\CodeIgniter->runController()
#6 D:\Projek\CI4\opd.intanjayakab.go.id\system\CodeIgniter.php(320): CodeIgniter\CodeIgniter->handleRequest()
#7 D:\Projek\CI4\opd.intanjayakab.go.id\public\index.php(37): CodeIgniter\CodeIgniter->run()
#8 D:\Projek\CI4\opd.intanjayakab.go.id\system\Commands\Server\rewrite.php(43): require_once('...')
#9 {main}
CRITICAL - 2022-02-11 22:56:51 --> Object of class stdClass could not be converted to string
#0 D:\Projek\CI4\opd.intanjayakab.go.id\system\View\View.php(210): include()
#1 D:\Projek\CI4\opd.intanjayakab.go.id\system\View\View.php(213): CodeIgniter\View\View->CodeIgniter\View\{closure}()
#2 D:\Projek\CI4\opd.intanjayakab.go.id\system\Common.php(1089): CodeIgniter\View\View->render()
#3 D:\Projek\CI4\opd.intanjayakab.go.id\app\Controllers\Home.php(22): view()
#4 D:\Projek\CI4\opd.intanjayakab.go.id\system\CodeIgniter.php(825): App\Controllers\Home->index()
#5 D:\Projek\CI4\opd.intanjayakab.go.id\system\CodeIgniter.php(412): CodeIgniter\CodeIgniter->runController()
#6 D:\Projek\CI4\opd.intanjayakab.go.id\system\CodeIgniter.php(320): CodeIgniter\CodeIgniter->handleRequest()
#7 D:\Projek\CI4\opd.intanjayakab.go.id\public\index.php(37): CodeIgniter\CodeIgniter->run()
#8 D:\Projek\CI4\opd.intanjayakab.go.id\system\Commands\Server\rewrite.php(43): require_once('...')
#9 {main}
CRITICAL - 2022-02-11 22:56:52 --> Object of class stdClass could not be converted to string
#0 D:\Projek\CI4\opd.intanjayakab.go.id\system\View\View.php(210): include()
#1 D:\Projek\CI4\opd.intanjayakab.go.id\system\View\View.php(213): CodeIgniter\View\View->CodeIgniter\View\{closure}()
#2 D:\Projek\CI4\opd.intanjayakab.go.id\system\Common.php(1089): CodeIgniter\View\View->render()
#3 D:\Projek\CI4\opd.intanjayakab.go.id\app\Controllers\Home.php(22): view()
#4 D:\Projek\CI4\opd.intanjayakab.go.id\system\CodeIgniter.php(825): App\Controllers\Home->index()
#5 D:\Projek\CI4\opd.intanjayakab.go.id\system\CodeIgniter.php(412): CodeIgniter\CodeIgniter->runController()
#6 D:\Projek\CI4\opd.intanjayakab.go.id\system\CodeIgniter.php(320): CodeIgniter\CodeIgniter->handleRequest()
#7 D:\Projek\CI4\opd.intanjayakab.go.id\public\index.php(37): CodeIgniter\CodeIgniter->run()
#8 D:\Projek\CI4\opd.intanjayakab.go.id\system\Commands\Server\rewrite.php(43): require_once('...')
#9 {main}
CRITICAL - 2022-02-11 22:57:36 --> Object of class stdClass could not be converted to string
#0 D:\Projek\CI4\opd.intanjayakab.go.id\system\View\View.php(210): include()
#1 D:\Projek\CI4\opd.intanjayakab.go.id\system\View\View.php(213): CodeIgniter\View\View->CodeIgniter\View\{closure}()
#2 D:\Projek\CI4\opd.intanjayakab.go.id\system\Common.php(1089): CodeIgniter\View\View->render()
#3 D:\Projek\CI4\opd.intanjayakab.go.id\app\Controllers\Home.php(22): view()
#4 D:\Projek\CI4\opd.intanjayakab.go.id\system\CodeIgniter.php(825): App\Controllers\Home->index()
#5 D:\Projek\CI4\opd.intanjayakab.go.id\system\CodeIgniter.php(412): CodeIgniter\CodeIgniter->runController()
#6 D:\Projek\CI4\opd.intanjayakab.go.id\system\CodeIgniter.php(320): CodeIgniter\CodeIgniter->handleRequest()
#7 D:\Projek\CI4\opd.intanjayakab.go.id\public\index.php(37): CodeIgniter\CodeIgniter->run()
#8 D:\Projek\CI4\opd.intanjayakab.go.id\system\Commands\Server\rewrite.php(43): require_once('...')
#9 {main}
CRITICAL - 2022-02-11 22:57:42 --> Object of class stdClass could not be converted to string
#0 D:\Projek\CI4\opd.intanjayakab.go.id\system\View\View.php(210): include()
#1 D:\Projek\CI4\opd.intanjayakab.go.id\system\View\View.php(213): CodeIgniter\View\View->CodeIgniter\View\{closure}()
#2 D:\Projek\CI4\opd.intanjayakab.go.id\system\Common.php(1089): CodeIgniter\View\View->render()
#3 D:\Projek\CI4\opd.intanjayakab.go.id\app\Controllers\Home.php(22): view()
#4 D:\Projek\CI4\opd.intanjayakab.go.id\system\CodeIgniter.php(825): App\Controllers\Home->index()
#5 D:\Projek\CI4\opd.intanjayakab.go.id\system\CodeIgniter.php(412): CodeIgniter\CodeIgniter->runController()
#6 D:\Projek\CI4\opd.intanjayakab.go.id\system\CodeIgniter.php(320): CodeIgniter\CodeIgniter->handleRequest()
#7 D:\Projek\CI4\opd.intanjayakab.go.id\public\index.php(37): CodeIgniter\CodeIgniter->run()
#8 D:\Projek\CI4\opd.intanjayakab.go.id\system\Commands\Server\rewrite.php(43): require_once('...')
#9 {main}
CRITICAL - 2022-02-11 22:58:15 --> Object of class stdClass could not be converted to string
#0 D:\Projek\CI4\opd.intanjayakab.go.id\system\View\View.php(210): include()
#1 D:\Projek\CI4\opd.intanjayakab.go.id\system\View\View.php(213): CodeIgniter\View\View->CodeIgniter\View\{closure}()
#2 D:\Projek\CI4\opd.intanjayakab.go.id\system\Common.php(1089): CodeIgniter\View\View->render()
#3 D:\Projek\CI4\opd.intanjayakab.go.id\app\Controllers\Home.php(21): view()
#4 D:\Projek\CI4\opd.intanjayakab.go.id\system\CodeIgniter.php(825): App\Controllers\Home->index()
#5 D:\Projek\CI4\opd.intanjayakab.go.id\system\CodeIgniter.php(412): CodeIgniter\CodeIgniter->runController()
#6 D:\Projek\CI4\opd.intanjayakab.go.id\system\CodeIgniter.php(320): CodeIgniter\CodeIgniter->handleRequest()
#7 D:\Projek\CI4\opd.intanjayakab.go.id\public\index.php(37): CodeIgniter\CodeIgniter->run()
#8 D:\Projek\CI4\opd.intanjayakab.go.id\system\Commands\Server\rewrite.php(43): require_once('...')
#9 {main}
CRITICAL - 2022-02-11 23:03:37 --> Undefined variable $title
#0 D:\Projek\CI4\opd.intanjayakab.go.id\app\Views\config\template.php(15): CodeIgniter\Debug\Exceptions->errorHandler()
#1 D:\Projek\CI4\opd.intanjayakab.go.id\system\View\View.php(210): include('...')
#2 D:\Projek\CI4\opd.intanjayakab.go.id\system\View\View.php(213): CodeIgniter\View\View->CodeIgniter\View\{closure}()
#3 D:\Projek\CI4\opd.intanjayakab.go.id\system\View\View.php(226): CodeIgniter\View\View->render()
#4 D:\Projek\CI4\opd.intanjayakab.go.id\system\Common.php(1089): CodeIgniter\View\View->render()
#5 D:\Projek\CI4\opd.intanjayakab.go.id\app\Controllers\Home.php(33): view()
#6 D:\Projek\CI4\opd.intanjayakab.go.id\system\CodeIgniter.php(825): App\Controllers\Home->info_publik()
#7 D:\Projek\CI4\opd.intanjayakab.go.id\system\CodeIgniter.php(412): CodeIgniter\CodeIgniter->runController()
#8 D:\Projek\CI4\opd.intanjayakab.go.id\system\CodeIgniter.php(320): CodeIgniter\CodeIgniter->handleRequest()
#9 D:\Projek\CI4\opd.intanjayakab.go.id\public\index.php(37): CodeIgniter\CodeIgniter->run()
#10 D:\Projek\CI4\opd.intanjayakab.go.id\system\Commands\Server\rewrite.php(43): require_once('...')
#11 {main}
ERROR - 2022-02-11 23:05:17 --> Unknown column 'status_sistem' in 'where clause'
CRITICAL - 2022-02-11 23:05:17 --> Unknown column 'status_sistem' in 'where clause'
#0 D:\Projek\CI4\opd.intanjayakab.go.id\system\Database\MySQLi\Connection.php(292): mysqli->query()
#1 D:\Projek\CI4\opd.intanjayakab.go.id\system\Database\BaseConnection.php(670): CodeIgniter\Database\MySQLi\Connection->execute()
#2 D:\Projek\CI4\opd.intanjayakab.go.id\system\Database\BaseConnection.php(598): CodeIgniter\Database\BaseConnection->simpleQuery()
#3 D:\Projek\CI4\opd.intanjayakab.go.id\app\Controllers\Home.php(17): CodeIgniter\Database\BaseConnection->query()
#4 D:\Projek\CI4\opd.intanjayakab.go.id\system\CodeIgniter.php(825): App\Controllers\Home->index()
#5 D:\Projek\CI4\opd.intanjayakab.go.id\system\CodeIgniter.php(412): CodeIgniter\CodeIgniter->runController()
#6 D:\Projek\CI4\opd.intanjayakab.go.id\system\CodeIgniter.php(320): CodeIgniter\CodeIgniter->handleRequest()
#7 D:\Projek\CI4\opd.intanjayakab.go.id\public\index.php(37): CodeIgniter\CodeIgniter->run()
#8 D:\Projek\CI4\opd.intanjayakab.go.id\system\Commands\Server\rewrite.php(43): require_once('...')
#9 {main}
ERROR - 2022-02-11 23:05:26 --> Unknown column 'status_sistem' in 'where clause'
CRITICAL - 2022-02-11 23:05:26 --> Unknown column 'status_sistem' in 'where clause'
#0 D:\Projek\CI4\opd.intanjayakab.go.id\system\Database\MySQLi\Connection.php(292): mysqli->query()
#1 D:\Projek\CI4\opd.intanjayakab.go.id\system\Database\BaseConnection.php(670): CodeIgniter\Database\MySQLi\Connection->execute()
#2 D:\Projek\CI4\opd.intanjayakab.go.id\system\Database\BaseConnection.php(598): CodeIgniter\Database\BaseConnection->simpleQuery()
#3 D:\Projek\CI4\opd.intanjayakab.go.id\app\Controllers\Home.php(17): CodeIgniter\Database\BaseConnection->query()
#4 D:\Projek\CI4\opd.intanjayakab.go.id\system\CodeIgniter.php(825): App\Controllers\Home->index()
#5 D:\Projek\CI4\opd.intanjayakab.go.id\system\CodeIgniter.php(412): CodeIgniter\CodeIgniter->runController()
#6 D:\Projek\CI4\opd.intanjayakab.go.id\system\CodeIgniter.php(320): CodeIgniter\CodeIgniter->handleRequest()
#7 D:\Projek\CI4\opd.intanjayakab.go.id\public\index.php(37): CodeIgniter\CodeIgniter->run()
#8 D:\Projek\CI4\opd.intanjayakab.go.id\system\Commands\Server\rewrite.php(43): require_once('...')
#9 {main}
ERROR - 2022-02-11 23:06:32 --> Unknown column 'status_sistem' in 'where clause'
CRITICAL - 2022-02-11 23:06:32 --> Unknown column 'status_sistem' in 'where clause'
#0 D:\Projek\CI4\opd.intanjayakab.go.id\system\Database\MySQLi\Connection.php(292): mysqli->query()
#1 D:\Projek\CI4\opd.intanjayakab.go.id\system\Database\BaseConnection.php(670): CodeIgniter\Database\MySQLi\Connection->execute()
#2 D:\Projek\CI4\opd.intanjayakab.go.id\system\Database\BaseConnection.php(598): CodeIgniter\Database\BaseConnection->simpleQuery()
#3 D:\Projek\CI4\opd.intanjayakab.go.id\app\Controllers\Home.php(17): CodeIgniter\Database\BaseConnection->query()
#4 D:\Projek\CI4\opd.intanjayakab.go.id\system\CodeIgniter.php(825): App\Controllers\Home->index()
#5 D:\Projek\CI4\opd.intanjayakab.go.id\system\CodeIgniter.php(412): CodeIgniter\CodeIgniter->runController()
#6 D:\Projek\CI4\opd.intanjayakab.go.id\system\CodeIgniter.php(320): CodeIgniter\CodeIgniter->handleRequest()
#7 D:\Projek\CI4\opd.intanjayakab.go.id\public\index.php(37): CodeIgniter\CodeIgniter->run()
#8 D:\Projek\CI4\opd.intanjayakab.go.id\system\Commands\Server\rewrite.php(43): require_once('...')
#9 {main}
ERROR - 2022-02-11 23:06:33 --> Unknown column 'status_sistem' in 'where clause'
CRITICAL - 2022-02-11 23:06:33 --> Unknown column 'status_sistem' in 'where clause'
#0 D:\Projek\CI4\opd.intanjayakab.go.id\system\Database\MySQLi\Connection.php(292): mysqli->query()
#1 D:\Projek\CI4\opd.intanjayakab.go.id\system\Database\BaseConnection.php(670): CodeIgniter\Database\MySQLi\Connection->execute()
#2 D:\Projek\CI4\opd.intanjayakab.go.id\system\Database\BaseConnection.php(598): CodeIgniter\Database\BaseConnection->simpleQuery()
#3 D:\Projek\CI4\opd.intanjayakab.go.id\app\Controllers\Home.php(17): CodeIgniter\Database\BaseConnection->query()
#4 D:\Projek\CI4\opd.intanjayakab.go.id\system\CodeIgniter.php(825): App\Controllers\Home->index()
#5 D:\Projek\CI4\opd.intanjayakab.go.id\system\CodeIgniter.php(412): CodeIgniter\CodeIgniter->runController()
#6 D:\Projek\CI4\opd.intanjayakab.go.id\system\CodeIgniter.php(320): CodeIgniter\CodeIgniter->handleRequest()
#7 D:\Projek\CI4\opd.intanjayakab.go.id\public\index.php(37): CodeIgniter\CodeIgniter->run()
#8 D:\Projek\CI4\opd.intanjayakab.go.id\system\Commands\Server\rewrite.php(43): require_once('...')
#9 {main}
ERROR - 2022-02-11 23:09:56 --> You have an error in your SQL syntax; check the manual that corresponds to your MySQL server version for the right syntax to use near 'status_sistem_id=2' at line 1
CRITICAL - 2022-02-11 23:09:56 --> You have an error in your SQL syntax; check the manual that corresponds to your MySQL server version for the right syntax to use near 'status_sistem_id=2' at line 1
#0 D:\Projek\CI4\opd.intanjayakab.go.id\system\Database\MySQLi\Connection.php(292): mysqli->query()
#1 D:\Projek\CI4\opd.intanjayakab.go.id\system\Database\BaseConnection.php(670): CodeIgniter\Database\MySQLi\Connection->execute()
#2 D:\Projek\CI4\opd.intanjayakab.go.id\system\Database\BaseConnection.php(598): CodeIgniter\Database\BaseConnection->simpleQuery()
#3 D:\Projek\CI4\opd.intanjayakab.go.id\app\Controllers\Home.php(17): CodeIgniter\Database\BaseConnection->query()
#4 D:\Projek\CI4\opd.intanjayakab.go.id\system\CodeIgniter.php(825): App\Controllers\Home->index()
#5 D:\Projek\CI4\opd.intanjayakab.go.id\system\CodeIgniter.php(412): CodeIgniter\CodeIgniter->runController()
#6 D:\Projek\CI4\opd.intanjayakab.go.id\system\CodeIgniter.php(320): CodeIgniter\CodeIgniter->handleRequest()
#7 D:\Projek\CI4\opd.intanjayakab.go.id\public\index.php(37): CodeIgniter\CodeIgniter->run()
#8 D:\Projek\CI4\opd.intanjayakab.go.id\system\Commands\Server\rewrite.php(43): require_once('...')
#9 {main}
CRITICAL - 2022-02-11 23:12:02 --> Undefined variable $title
#0 D:\Projek\CI4\opd.intanjayakab.go.id\app\Views\config\template.php(15): CodeIgniter\Debug\Exceptions->errorHandler()
#1 D:\Projek\CI4\opd.intanjayakab.go.id\system\View\View.php(210): include('...')
#2 D:\Projek\CI4\opd.intanjayakab.go.id\system\View\View.php(213): CodeIgniter\View\View->CodeIgniter\View\{closure}()
#3 D:\Projek\CI4\opd.intanjayakab.go.id\system\View\View.php(226): CodeIgniter\View\View->render()
#4 D:\Projek\CI4\opd.intanjayakab.go.id\system\Common.php(1089): CodeIgniter\View\View->render()
#5 D:\Projek\CI4\opd.intanjayakab.go.id\app\Controllers\Home.php(34): view()
#6 D:\Projek\CI4\opd.intanjayakab.go.id\system\CodeIgniter.php(825): App\Controllers\Home->info_publik()
#7 D:\Projek\CI4\opd.intanjayakab.go.id\system\CodeIgniter.php(412): CodeIgniter\CodeIgniter->runController()
#8 D:\Projek\CI4\opd.intanjayakab.go.id\system\CodeIgniter.php(320): CodeIgniter\CodeIgniter->handleRequest()
#9 D:\Projek\CI4\opd.intanjayakab.go.id\public\index.php(37): CodeIgniter\CodeIgniter->run()
#10 D:\Projek\CI4\opd.intanjayakab.go.id\system\Commands\Server\rewrite.php(43): require_once('...')
#11 {main}
