CRITICAL - 2022-02-13 22:47:18 --> syntax error, unexpected token "(", expecting ";"
#0 D:\Projek\CI4\opd.intanjayakab.go.id\system\View\View.php(213): CodeIgniter\View\View->CodeIgniter\View\{closure}()
#1 D:\Projek\CI4\opd.intanjayakab.go.id\system\Common.php(1089): CodeIgniter\View\View->render()
#2 D:\Projek\CI4\opd.intanjayakab.go.id\app\Controllers\Home.php(26): view()
#3 D:\Projek\CI4\opd.intanjayakab.go.id\system\CodeIgniter.php(825): App\Controllers\Home->index()
#4 D:\Projek\CI4\opd.intanjayakab.go.id\system\CodeIgniter.php(412): CodeIgniter\CodeIgniter->runController()
#5 D:\Projek\CI4\opd.intanjayakab.go.id\system\CodeIgniter.php(320): CodeIgniter\CodeIgniter->handleRequest()
#6 D:\Projek\CI4\opd.intanjayakab.go.id\public\index.php(37): CodeIgniter\CodeIgniter->run()
#7 D:\Projek\CI4\opd.intanjayakab.go.id\system\Commands\Server\rewrite.php(43): require_once('...')
#8 {main}
CRITICAL - 2022-02-13 22:47:31 --> syntax error, unexpected token "(", expecting ";"
#0 D:\Projek\CI4\opd.intanjayakab.go.id\system\View\View.php(213): CodeIgniter\View\View->CodeIgniter\View\{closure}()
#1 D:\Projek\CI4\opd.intanjayakab.go.id\system\Common.php(1089): CodeIgniter\View\View->render()
#2 D:\Projek\CI4\opd.intanjayakab.go.id\app\Controllers\Home.php(26): view()
#3 D:\Projek\CI4\opd.intanjayakab.go.id\system\CodeIgniter.php(825): App\Controllers\Home->index()
#4 D:\Projek\CI4\opd.intanjayakab.go.id\system\CodeIgniter.php(412): CodeIgniter\CodeIgniter->runController()
#5 D:\Projek\CI4\opd.intanjayakab.go.id\system\CodeIgniter.php(320): CodeIgniter\CodeIgniter->handleRequest()
#6 D:\Projek\CI4\opd.intanjayakab.go.id\public\index.php(37): CodeIgniter\CodeIgniter->run()
#7 D:\Projek\CI4\opd.intanjayakab.go.id\system\Commands\Server\rewrite.php(43): require_once('...')
#8 {main}
CRITICAL - 2022-02-13 22:47:32 --> syntax error, unexpected token "(", expecting ";"
#0 D:\Projek\CI4\opd.intanjayakab.go.id\system\View\View.php(213): CodeIgniter\View\View->CodeIgniter\View\{closure}()
#1 D:\Projek\CI4\opd.intanjayakab.go.id\system\Common.php(1089): CodeIgniter\View\View->render()
#2 D:\Projek\CI4\opd.intanjayakab.go.id\app\Controllers\Home.php(26): view()
#3 D:\Projek\CI4\opd.intanjayakab.go.id\system\CodeIgniter.php(825): App\Controllers\Home->index()
#4 D:\Projek\CI4\opd.intanjayakab.go.id\system\CodeIgniter.php(412): CodeIgniter\CodeIgniter->runController()
#5 D:\Projek\CI4\opd.intanjayakab.go.id\system\CodeIgniter.php(320): CodeIgniter\CodeIgniter->handleRequest()
#6 D:\Projek\CI4\opd.intanjayakab.go.id\public\index.php(37): CodeIgniter\CodeIgniter->run()
#7 D:\Projek\CI4\opd.intanjayakab.go.id\system\Commands\Server\rewrite.php(43): require_once('...')
#8 {main}
CRITICAL - 2022-02-13 22:53:42 --> Invalid file: pages/detail_berita.php
#0 D:\Projek\CI4\opd.intanjayakab.go.id\system\View\View.php(198): CodeIgniter\Exceptions\FrameworkException::forInvalidFile()
#1 D:\Projek\CI4\opd.intanjayakab.go.id\system\Common.php(1089): CodeIgniter\View\View->render()
#2 D:\Projek\CI4\opd.intanjayakab.go.id\app\Controllers\Home.php(49): view()
#3 D:\Projek\CI4\opd.intanjayakab.go.id\system\CodeIgniter.php(825): App\Controllers\Home->detail_berita()
#4 D:\Projek\CI4\opd.intanjayakab.go.id\system\CodeIgniter.php(412): CodeIgniter\CodeIgniter->runController()
#5 D:\Projek\CI4\opd.intanjayakab.go.id\system\CodeIgniter.php(320): CodeIgniter\CodeIgniter->handleRequest()
#6 D:\Projek\CI4\opd.intanjayakab.go.id\public\index.php(37): CodeIgniter\CodeIgniter->run()
#7 D:\Projek\CI4\opd.intanjayakab.go.id\system\Commands\Server\rewrite.php(43): require_once('...')
#8 {main}
CRITICAL - 2022-02-13 22:54:04 --> Invalid file: pages/detail_berita.php
#0 D:\Projek\CI4\opd.intanjayakab.go.id\system\View\View.php(198): CodeIgniter\Exceptions\FrameworkException::forInvalidFile()
#1 D:\Projek\CI4\opd.intanjayakab.go.id\system\Common.php(1089): CodeIgniter\View\View->render()
#2 D:\Projek\CI4\opd.intanjayakab.go.id\app\Controllers\Home.php(49): view()
#3 D:\Projek\CI4\opd.intanjayakab.go.id\system\CodeIgniter.php(825): App\Controllers\Home->detail_berita()
#4 D:\Projek\CI4\opd.intanjayakab.go.id\system\CodeIgniter.php(412): CodeIgniter\CodeIgniter->runController()
#5 D:\Projek\CI4\opd.intanjayakab.go.id\system\CodeIgniter.php(320): CodeIgniter\CodeIgniter->handleRequest()
#6 D:\Projek\CI4\opd.intanjayakab.go.id\public\index.php(37): CodeIgniter\CodeIgniter->run()
#7 D:\Projek\CI4\opd.intanjayakab.go.id\system\Commands\Server\rewrite.php(43): require_once('...')
#8 {main}
CRITICAL - 2022-02-13 22:54:38 --> Invalid file: pages/detail_berita.php
#0 D:\Projek\CI4\opd.intanjayakab.go.id\system\View\View.php(198): CodeIgniter\Exceptions\FrameworkException::forInvalidFile()
#1 D:\Projek\CI4\opd.intanjayakab.go.id\system\Common.php(1089): CodeIgniter\View\View->render()
#2 D:\Projek\CI4\opd.intanjayakab.go.id\app\Controllers\Home.php(49): view()
#3 D:\Projek\CI4\opd.intanjayakab.go.id\system\CodeIgniter.php(825): App\Controllers\Home->detail_berita()
#4 D:\Projek\CI4\opd.intanjayakab.go.id\system\CodeIgniter.php(412): CodeIgniter\CodeIgniter->runController()
#5 D:\Projek\CI4\opd.intanjayakab.go.id\system\CodeIgniter.php(320): CodeIgniter\CodeIgniter->handleRequest()
#6 D:\Projek\CI4\opd.intanjayakab.go.id\public\index.php(37): CodeIgniter\CodeIgniter->run()
#7 D:\Projek\CI4\opd.intanjayakab.go.id\system\Commands\Server\rewrite.php(43): require_once('...')
#8 {main}
CRITICAL - 2022-02-13 23:01:03 --> Attempt to read property "judul" on null
#0 D:\Projek\CI4\opd.intanjayakab.go.id\app\Views\pages\details_berita.php(19): CodeIgniter\Debug\Exceptions->errorHandler()
#1 D:\Projek\CI4\opd.intanjayakab.go.id\system\View\View.php(210): include('...')
#2 D:\Projek\CI4\opd.intanjayakab.go.id\system\View\View.php(213): CodeIgniter\View\View->CodeIgniter\View\{closure}()
#3 D:\Projek\CI4\opd.intanjayakab.go.id\system\Common.php(1089): CodeIgniter\View\View->render()
#4 D:\Projek\CI4\opd.intanjayakab.go.id\app\Controllers\Home.php(51): view()
#5 D:\Projek\CI4\opd.intanjayakab.go.id\system\CodeIgniter.php(825): App\Controllers\Home->detail_berita()
#6 D:\Projek\CI4\opd.intanjayakab.go.id\system\CodeIgniter.php(412): CodeIgniter\CodeIgniter->runController()
#7 D:\Projek\CI4\opd.intanjayakab.go.id\system\CodeIgniter.php(320): CodeIgniter\CodeIgniter->handleRequest()
#8 D:\Projek\CI4\opd.intanjayakab.go.id\public\index.php(37): CodeIgniter\CodeIgniter->run()
#9 D:\Projek\CI4\opd.intanjayakab.go.id\system\Commands\Server\rewrite.php(43): require_once('...')
#10 {main}
CRITICAL - 2022-02-13 23:02:35 --> Attempt to read property "judul" on null
#0 D:\Projek\CI4\opd.intanjayakab.go.id\app\Views\pages\details_berita.php(22): CodeIgniter\Debug\Exceptions->errorHandler()
#1 D:\Projek\CI4\opd.intanjayakab.go.id\system\View\View.php(210): include('...')
#2 D:\Projek\CI4\opd.intanjayakab.go.id\system\View\View.php(213): CodeIgniter\View\View->CodeIgniter\View\{closure}()
#3 D:\Projek\CI4\opd.intanjayakab.go.id\system\Common.php(1089): CodeIgniter\View\View->render()
#4 D:\Projek\CI4\opd.intanjayakab.go.id\app\Controllers\Home.php(51): view()
#5 D:\Projek\CI4\opd.intanjayakab.go.id\system\CodeIgniter.php(825): App\Controllers\Home->detail_berita()
#6 D:\Projek\CI4\opd.intanjayakab.go.id\system\CodeIgniter.php(412): CodeIgniter\CodeIgniter->runController()
#7 D:\Projek\CI4\opd.intanjayakab.go.id\system\CodeIgniter.php(320): CodeIgniter\CodeIgniter->handleRequest()
#8 D:\Projek\CI4\opd.intanjayakab.go.id\public\index.php(37): CodeIgniter\CodeIgniter->run()
#9 D:\Projek\CI4\opd.intanjayakab.go.id\system\Commands\Server\rewrite.php(43): require_once('...')
#10 {main}
CRITICAL - 2022-02-13 23:04:12 --> Attempt to read property "judul" on null
#0 D:\Projek\CI4\opd.intanjayakab.go.id\app\Views\pages\details_berita.php(66): CodeIgniter\Debug\Exceptions->errorHandler()
#1 D:\Projek\CI4\opd.intanjayakab.go.id\system\View\View.php(210): include('...')
#2 D:\Projek\CI4\opd.intanjayakab.go.id\system\View\View.php(213): CodeIgniter\View\View->CodeIgniter\View\{closure}()
#3 D:\Projek\CI4\opd.intanjayakab.go.id\system\Common.php(1089): CodeIgniter\View\View->render()
#4 D:\Projek\CI4\opd.intanjayakab.go.id\app\Controllers\Home.php(51): view()
#5 D:\Projek\CI4\opd.intanjayakab.go.id\system\CodeIgniter.php(825): App\Controllers\Home->detail_berita()
#6 D:\Projek\CI4\opd.intanjayakab.go.id\system\CodeIgniter.php(412): CodeIgniter\CodeIgniter->runController()
#7 D:\Projek\CI4\opd.intanjayakab.go.id\system\CodeIgniter.php(320): CodeIgniter\CodeIgniter->handleRequest()
#8 D:\Projek\CI4\opd.intanjayakab.go.id\public\index.php(37): CodeIgniter\CodeIgniter->run()
#9 D:\Projek\CI4\opd.intanjayakab.go.id\system\Commands\Server\rewrite.php(43): require_once('...')
#10 {main}
CRITICAL - 2022-02-13 23:04:23 --> Attempt to read property "judul" on null
#0 D:\Projek\CI4\opd.intanjayakab.go.id\app\Views\pages\details_berita.php(66): CodeIgniter\Debug\Exceptions->errorHandler()
#1 D:\Projek\CI4\opd.intanjayakab.go.id\system\View\View.php(210): include('...')
#2 D:\Projek\CI4\opd.intanjayakab.go.id\system\View\View.php(213): CodeIgniter\View\View->CodeIgniter\View\{closure}()
#3 D:\Projek\CI4\opd.intanjayakab.go.id\system\Common.php(1089): CodeIgniter\View\View->render()
#4 D:\Projek\CI4\opd.intanjayakab.go.id\app\Controllers\Home.php(51): view()
#5 D:\Projek\CI4\opd.intanjayakab.go.id\system\CodeIgniter.php(825): App\Controllers\Home->detail_berita()
#6 D:\Projek\CI4\opd.intanjayakab.go.id\system\CodeIgniter.php(412): CodeIgniter\CodeIgniter->runController()
#7 D:\Projek\CI4\opd.intanjayakab.go.id\system\CodeIgniter.php(320): CodeIgniter\CodeIgniter->handleRequest()
#8 D:\Projek\CI4\opd.intanjayakab.go.id\public\index.php(37): CodeIgniter\CodeIgniter->run()
#9 D:\Projek\CI4\opd.intanjayakab.go.id\system\Commands\Server\rewrite.php(43): require_once('...')
#10 {main}
CRITICAL - 2022-02-13 23:04:59 --> Attempt to read property "judul" on null
#0 D:\Projek\CI4\opd.intanjayakab.go.id\app\Views\pages\details_berita.php(52): CodeIgniter\Debug\Exceptions->errorHandler()
#1 D:\Projek\CI4\opd.intanjayakab.go.id\system\View\View.php(210): include('...')
#2 D:\Projek\CI4\opd.intanjayakab.go.id\system\View\View.php(213): CodeIgniter\View\View->CodeIgniter\View\{closure}()
#3 D:\Projek\CI4\opd.intanjayakab.go.id\system\Common.php(1089): CodeIgniter\View\View->render()
#4 D:\Projek\CI4\opd.intanjayakab.go.id\app\Controllers\Home.php(51): view()
#5 D:\Projek\CI4\opd.intanjayakab.go.id\system\CodeIgniter.php(825): App\Controllers\Home->detail_berita()
#6 D:\Projek\CI4\opd.intanjayakab.go.id\system\CodeIgniter.php(412): CodeIgniter\CodeIgniter->runController()
#7 D:\Projek\CI4\opd.intanjayakab.go.id\system\CodeIgniter.php(320): CodeIgniter\CodeIgniter->handleRequest()
#8 D:\Projek\CI4\opd.intanjayakab.go.id\public\index.php(37): CodeIgniter\CodeIgniter->run()
#9 D:\Projek\CI4\opd.intanjayakab.go.id\system\Commands\Server\rewrite.php(43): require_once('...')
#10 {main}
CRITICAL - 2022-02-13 23:05:29 --> Attempt to read property "judul" on null
#0 D:\Projek\CI4\opd.intanjayakab.go.id\app\Views\pages\details_berita.php(28): CodeIgniter\Debug\Exceptions->errorHandler()
#1 D:\Projek\CI4\opd.intanjayakab.go.id\system\View\View.php(210): include('...')
#2 D:\Projek\CI4\opd.intanjayakab.go.id\system\View\View.php(213): CodeIgniter\View\View->CodeIgniter\View\{closure}()
#3 D:\Projek\CI4\opd.intanjayakab.go.id\system\Common.php(1089): CodeIgniter\View\View->render()
#4 D:\Projek\CI4\opd.intanjayakab.go.id\app\Controllers\Home.php(51): view()
#5 D:\Projek\CI4\opd.intanjayakab.go.id\system\CodeIgniter.php(825): App\Controllers\Home->detail_berita()
#6 D:\Projek\CI4\opd.intanjayakab.go.id\system\CodeIgniter.php(412): CodeIgniter\CodeIgniter->runController()
#7 D:\Projek\CI4\opd.intanjayakab.go.id\system\CodeIgniter.php(320): CodeIgniter\CodeIgniter->handleRequest()
#8 D:\Projek\CI4\opd.intanjayakab.go.id\public\index.php(37): CodeIgniter\CodeIgniter->run()
#9 D:\Projek\CI4\opd.intanjayakab.go.id\system\Commands\Server\rewrite.php(43): require_once('...')
#10 {main}
CRITICAL - 2022-02-13 23:06:03 --> Attempt to read property "judul" on null
#0 D:\Projek\CI4\opd.intanjayakab.go.id\app\Views\pages\details_berita.php(8): CodeIgniter\Debug\Exceptions->errorHandler()
#1 D:\Projek\CI4\opd.intanjayakab.go.id\system\View\View.php(210): include('...')
#2 D:\Projek\CI4\opd.intanjayakab.go.id\system\View\View.php(213): CodeIgniter\View\View->CodeIgniter\View\{closure}()
#3 D:\Projek\CI4\opd.intanjayakab.go.id\system\Common.php(1089): CodeIgniter\View\View->render()
#4 D:\Projek\CI4\opd.intanjayakab.go.id\app\Controllers\Home.php(51): view()
#5 D:\Projek\CI4\opd.intanjayakab.go.id\system\CodeIgniter.php(825): App\Controllers\Home->detail_berita()
#6 D:\Projek\CI4\opd.intanjayakab.go.id\system\CodeIgniter.php(412): CodeIgniter\CodeIgniter->runController()
#7 D:\Projek\CI4\opd.intanjayakab.go.id\system\CodeIgniter.php(320): CodeIgniter\CodeIgniter->handleRequest()
#8 D:\Projek\CI4\opd.intanjayakab.go.id\public\index.php(37): CodeIgniter\CodeIgniter->run()
#9 D:\Projek\CI4\opd.intanjayakab.go.id\system\Commands\Server\rewrite.php(43): require_once('...')
#10 {main}
CRITICAL - 2022-02-13 23:06:41 --> Attempt to read property "judul" on null
#0 D:\Projek\CI4\opd.intanjayakab.go.id\app\Views\pages\details_berita.php(8): CodeIgniter\Debug\Exceptions->errorHandler()
#1 D:\Projek\CI4\opd.intanjayakab.go.id\system\View\View.php(210): include('...')
#2 D:\Projek\CI4\opd.intanjayakab.go.id\system\View\View.php(213): CodeIgniter\View\View->CodeIgniter\View\{closure}()
#3 D:\Projek\CI4\opd.intanjayakab.go.id\system\Common.php(1089): CodeIgniter\View\View->render()
#4 D:\Projek\CI4\opd.intanjayakab.go.id\app\Controllers\Home.php(51): view()
#5 D:\Projek\CI4\opd.intanjayakab.go.id\system\CodeIgniter.php(825): App\Controllers\Home->detail_berita()
#6 D:\Projek\CI4\opd.intanjayakab.go.id\system\CodeIgniter.php(412): CodeIgniter\CodeIgniter->runController()
#7 D:\Projek\CI4\opd.intanjayakab.go.id\system\CodeIgniter.php(320): CodeIgniter\CodeIgniter->handleRequest()
#8 D:\Projek\CI4\opd.intanjayakab.go.id\public\index.php(37): CodeIgniter\CodeIgniter->run()
#9 D:\Projek\CI4\opd.intanjayakab.go.id\system\Commands\Server\rewrite.php(43): require_once('...')
#10 {main}
CRITICAL - 2022-02-13 23:06:57 --> Attempt to read property "judul" on null
#0 D:\Projek\CI4\opd.intanjayakab.go.id\app\Views\pages\details_berita.php(8): CodeIgniter\Debug\Exceptions->errorHandler()
#1 D:\Projek\CI4\opd.intanjayakab.go.id\system\View\View.php(210): include('...')
#2 D:\Projek\CI4\opd.intanjayakab.go.id\system\View\View.php(213): CodeIgniter\View\View->CodeIgniter\View\{closure}()
#3 D:\Projek\CI4\opd.intanjayakab.go.id\system\Common.php(1089): CodeIgniter\View\View->render()
#4 D:\Projek\CI4\opd.intanjayakab.go.id\app\Controllers\Home.php(51): view()
#5 D:\Projek\CI4\opd.intanjayakab.go.id\system\CodeIgniter.php(825): App\Controllers\Home->detail_berita()
#6 D:\Projek\CI4\opd.intanjayakab.go.id\system\CodeIgniter.php(412): CodeIgniter\CodeIgniter->runController()
#7 D:\Projek\CI4\opd.intanjayakab.go.id\system\CodeIgniter.php(320): CodeIgniter\CodeIgniter->handleRequest()
#8 D:\Projek\CI4\opd.intanjayakab.go.id\public\index.php(37): CodeIgniter\CodeIgniter->run()
#9 D:\Projek\CI4\opd.intanjayakab.go.id\system\Commands\Server\rewrite.php(43): require_once('...')
#10 {main}
CRITICAL - 2022-02-13 23:07:11 --> Undefined property: stdClass::$tanggal
#0 D:\Projek\CI4\opd.intanjayakab.go.id\app\Views\pages\details_berita.php(9): CodeIgniter\Debug\Exceptions->errorHandler()
#1 D:\Projek\CI4\opd.intanjayakab.go.id\system\View\View.php(210): include('...')
#2 D:\Projek\CI4\opd.intanjayakab.go.id\system\View\View.php(213): CodeIgniter\View\View->CodeIgniter\View\{closure}()
#3 D:\Projek\CI4\opd.intanjayakab.go.id\system\Common.php(1089): CodeIgniter\View\View->render()
#4 D:\Projek\CI4\opd.intanjayakab.go.id\app\Controllers\Home.php(51): view()
#5 D:\Projek\CI4\opd.intanjayakab.go.id\system\CodeIgniter.php(825): App\Controllers\Home->detail_berita()
#6 D:\Projek\CI4\opd.intanjayakab.go.id\system\CodeIgniter.php(412): CodeIgniter\CodeIgniter->runController()
#7 D:\Projek\CI4\opd.intanjayakab.go.id\system\CodeIgniter.php(320): CodeIgniter\CodeIgniter->handleRequest()
#8 D:\Projek\CI4\opd.intanjayakab.go.id\public\index.php(37): CodeIgniter\CodeIgniter->run()
#9 D:\Projek\CI4\opd.intanjayakab.go.id\system\Commands\Server\rewrite.php(43): require_once('...')
#10 {main}
CRITICAL - 2022-02-13 23:08:07 --> Undefined variable $created_date
#0 D:\Projek\CI4\opd.intanjayakab.go.id\app\Views\pages\details_berita.php(9): CodeIgniter\Debug\Exceptions->errorHandler()
#1 D:\Projek\CI4\opd.intanjayakab.go.id\system\View\View.php(210): include('...')
#2 D:\Projek\CI4\opd.intanjayakab.go.id\system\View\View.php(213): CodeIgniter\View\View->CodeIgniter\View\{closure}()
#3 D:\Projek\CI4\opd.intanjayakab.go.id\system\Common.php(1089): CodeIgniter\View\View->render()
#4 D:\Projek\CI4\opd.intanjayakab.go.id\app\Controllers\Home.php(51): view()
#5 D:\Projek\CI4\opd.intanjayakab.go.id\system\CodeIgniter.php(825): App\Controllers\Home->detail_berita()
#6 D:\Projek\CI4\opd.intanjayakab.go.id\system\CodeIgniter.php(412): CodeIgniter\CodeIgniter->runController()
#7 D:\Projek\CI4\opd.intanjayakab.go.id\system\CodeIgniter.php(320): CodeIgniter\CodeIgniter->handleRequest()
#8 D:\Projek\CI4\opd.intanjayakab.go.id\public\index.php(37): CodeIgniter\CodeIgniter->run()
#9 D:\Projek\CI4\opd.intanjayakab.go.id\system\Commands\Server\rewrite.php(43): require_once('...')
#10 {main}
CRITICAL - 2022-02-13 23:08:23 --> Attempt to read property "judul" on null
#0 D:\Projek\CI4\opd.intanjayakab.go.id\app\Views\pages\details_berita.php(8): CodeIgniter\Debug\Exceptions->errorHandler()
#1 D:\Projek\CI4\opd.intanjayakab.go.id\system\View\View.php(210): include('...')
#2 D:\Projek\CI4\opd.intanjayakab.go.id\system\View\View.php(213): CodeIgniter\View\View->CodeIgniter\View\{closure}()
#3 D:\Projek\CI4\opd.intanjayakab.go.id\system\Common.php(1089): CodeIgniter\View\View->render()
#4 D:\Projek\CI4\opd.intanjayakab.go.id\app\Controllers\Home.php(51): view()
#5 D:\Projek\CI4\opd.intanjayakab.go.id\system\CodeIgniter.php(825): App\Controllers\Home->detail_berita()
#6 D:\Projek\CI4\opd.intanjayakab.go.id\system\CodeIgniter.php(412): CodeIgniter\CodeIgniter->runController()
#7 D:\Projek\CI4\opd.intanjayakab.go.id\system\CodeIgniter.php(320): CodeIgniter\CodeIgniter->handleRequest()
#8 D:\Projek\CI4\opd.intanjayakab.go.id\public\index.php(37): CodeIgniter\CodeIgniter->run()
#9 D:\Projek\CI4\opd.intanjayakab.go.id\system\Commands\Server\rewrite.php(43): require_once('...')
#10 {main}
CRITICAL - 2022-02-13 23:08:53 --> Attempt to read property "judul" on null
#0 D:\Projek\CI4\opd.intanjayakab.go.id\app\Views\pages\details_berita.php(8): CodeIgniter\Debug\Exceptions->errorHandler()
#1 D:\Projek\CI4\opd.intanjayakab.go.id\system\View\View.php(210): include('...')
#2 D:\Projek\CI4\opd.intanjayakab.go.id\system\View\View.php(213): CodeIgniter\View\View->CodeIgniter\View\{closure}()
#3 D:\Projek\CI4\opd.intanjayakab.go.id\system\Common.php(1089): CodeIgniter\View\View->render()
#4 D:\Projek\CI4\opd.intanjayakab.go.id\app\Controllers\Home.php(51): view()
#5 D:\Projek\CI4\opd.intanjayakab.go.id\system\CodeIgniter.php(825): App\Controllers\Home->detail_berita()
#6 D:\Projek\CI4\opd.intanjayakab.go.id\system\CodeIgniter.php(412): CodeIgniter\CodeIgniter->runController()
#7 D:\Projek\CI4\opd.intanjayakab.go.id\system\CodeIgniter.php(320): CodeIgniter\CodeIgniter->handleRequest()
#8 D:\Projek\CI4\opd.intanjayakab.go.id\public\index.php(37): CodeIgniter\CodeIgniter->run()
#9 D:\Projek\CI4\opd.intanjayakab.go.id\system\Commands\Server\rewrite.php(43): require_once('...')
#10 {main}
CRITICAL - 2022-02-13 23:09:05 --> Attempt to read property "judul" on null
#0 D:\Projek\CI4\opd.intanjayakab.go.id\app\Views\pages\details_berita.php(8): CodeIgniter\Debug\Exceptions->errorHandler()
#1 D:\Projek\CI4\opd.intanjayakab.go.id\system\View\View.php(210): include('...')
#2 D:\Projek\CI4\opd.intanjayakab.go.id\system\View\View.php(213): CodeIgniter\View\View->CodeIgniter\View\{closure}()
#3 D:\Projek\CI4\opd.intanjayakab.go.id\system\Common.php(1089): CodeIgniter\View\View->render()
#4 D:\Projek\CI4\opd.intanjayakab.go.id\app\Controllers\Home.php(51): view()
#5 D:\Projek\CI4\opd.intanjayakab.go.id\system\CodeIgniter.php(825): App\Controllers\Home->detail_berita()
#6 D:\Projek\CI4\opd.intanjayakab.go.id\system\CodeIgniter.php(412): CodeIgniter\CodeIgniter->runController()
#7 D:\Projek\CI4\opd.intanjayakab.go.id\system\CodeIgniter.php(320): CodeIgniter\CodeIgniter->handleRequest()
#8 D:\Projek\CI4\opd.intanjayakab.go.id\public\index.php(37): CodeIgniter\CodeIgniter->run()
#9 D:\Projek\CI4\opd.intanjayakab.go.id\system\Commands\Server\rewrite.php(43): require_once('...')
#10 {main}
CRITICAL - 2022-02-13 23:10:35 --> Attempt to read property "judul" on null
#0 D:\Projek\CI4\opd.intanjayakab.go.id\app\Views\pages\details_berita.php(8): CodeIgniter\Debug\Exceptions->errorHandler()
#1 D:\Projek\CI4\opd.intanjayakab.go.id\system\View\View.php(210): include('...')
#2 D:\Projek\CI4\opd.intanjayakab.go.id\system\View\View.php(213): CodeIgniter\View\View->CodeIgniter\View\{closure}()
#3 D:\Projek\CI4\opd.intanjayakab.go.id\system\Common.php(1089): CodeIgniter\View\View->render()
#4 D:\Projek\CI4\opd.intanjayakab.go.id\app\Controllers\Home.php(51): view()
#5 D:\Projek\CI4\opd.intanjayakab.go.id\system\CodeIgniter.php(825): App\Controllers\Home->detail_berita()
#6 D:\Projek\CI4\opd.intanjayakab.go.id\system\CodeIgniter.php(412): CodeIgniter\CodeIgniter->runController()
#7 D:\Projek\CI4\opd.intanjayakab.go.id\system\CodeIgniter.php(320): CodeIgniter\CodeIgniter->handleRequest()
#8 D:\Projek\CI4\opd.intanjayakab.go.id\public\index.php(37): CodeIgniter\CodeIgniter->run()
#9 D:\Projek\CI4\opd.intanjayakab.go.id\system\Commands\Server\rewrite.php(43): require_once('...')
#10 {main}
CRITICAL - 2022-02-13 23:10:59 --> Attempt to read property "judul" on null
#0 D:\Projek\CI4\opd.intanjayakab.go.id\app\Views\pages\details_berita.php(8): CodeIgniter\Debug\Exceptions->errorHandler()
#1 D:\Projek\CI4\opd.intanjayakab.go.id\system\View\View.php(210): include('...')
#2 D:\Projek\CI4\opd.intanjayakab.go.id\system\View\View.php(213): CodeIgniter\View\View->CodeIgniter\View\{closure}()
#3 D:\Projek\CI4\opd.intanjayakab.go.id\system\Common.php(1089): CodeIgniter\View\View->render()
#4 D:\Projek\CI4\opd.intanjayakab.go.id\app\Controllers\Home.php(51): view()
#5 D:\Projek\CI4\opd.intanjayakab.go.id\system\CodeIgniter.php(825): App\Controllers\Home->detail_berita()
#6 D:\Projek\CI4\opd.intanjayakab.go.id\system\CodeIgniter.php(412): CodeIgniter\CodeIgniter->runController()
#7 D:\Projek\CI4\opd.intanjayakab.go.id\system\CodeIgniter.php(320): CodeIgniter\CodeIgniter->handleRequest()
#8 D:\Projek\CI4\opd.intanjayakab.go.id\public\index.php(37): CodeIgniter\CodeIgniter->run()
#9 D:\Projek\CI4\opd.intanjayakab.go.id\system\Commands\Server\rewrite.php(43): require_once('...')
#10 {main}
CRITICAL - 2022-02-13 23:11:24 --> Attempt to read property "judul" on null
#0 D:\Projek\CI4\opd.intanjayakab.go.id\app\Views\pages\details_berita.php(8): CodeIgniter\Debug\Exceptions->errorHandler()
#1 D:\Projek\CI4\opd.intanjayakab.go.id\system\View\View.php(210): include('...')
#2 D:\Projek\CI4\opd.intanjayakab.go.id\system\View\View.php(213): CodeIgniter\View\View->CodeIgniter\View\{closure}()
#3 D:\Projek\CI4\opd.intanjayakab.go.id\system\Common.php(1089): CodeIgniter\View\View->render()
#4 D:\Projek\CI4\opd.intanjayakab.go.id\app\Controllers\Home.php(51): view()
#5 D:\Projek\CI4\opd.intanjayakab.go.id\system\CodeIgniter.php(825): App\Controllers\Home->detail_berita()
#6 D:\Projek\CI4\opd.intanjayakab.go.id\system\CodeIgniter.php(412): CodeIgniter\CodeIgniter->runController()
#7 D:\Projek\CI4\opd.intanjayakab.go.id\system\CodeIgniter.php(320): CodeIgniter\CodeIgniter->handleRequest()
#8 D:\Projek\CI4\opd.intanjayakab.go.id\public\index.php(37): CodeIgniter\CodeIgniter->run()
#9 D:\Projek\CI4\opd.intanjayakab.go.id\system\Commands\Server\rewrite.php(43): require_once('...')
#10 {main}
CRITICAL - 2022-02-13 23:11:38 --> Attempt to read property "judul" on null
#0 D:\Projek\CI4\opd.intanjayakab.go.id\app\Views\pages\details_berita.php(8): CodeIgniter\Debug\Exceptions->errorHandler()
#1 D:\Projek\CI4\opd.intanjayakab.go.id\system\View\View.php(210): include('...')
#2 D:\Projek\CI4\opd.intanjayakab.go.id\system\View\View.php(213): CodeIgniter\View\View->CodeIgniter\View\{closure}()
#3 D:\Projek\CI4\opd.intanjayakab.go.id\system\Common.php(1089): CodeIgniter\View\View->render()
#4 D:\Projek\CI4\opd.intanjayakab.go.id\app\Controllers\Home.php(51): view()
#5 D:\Projek\CI4\opd.intanjayakab.go.id\system\CodeIgniter.php(825): App\Controllers\Home->detail_berita()
#6 D:\Projek\CI4\opd.intanjayakab.go.id\system\CodeIgniter.php(412): CodeIgniter\CodeIgniter->runController()
#7 D:\Projek\CI4\opd.intanjayakab.go.id\system\CodeIgniter.php(320): CodeIgniter\CodeIgniter->handleRequest()
#8 D:\Projek\CI4\opd.intanjayakab.go.id\public\index.php(37): CodeIgniter\CodeIgniter->run()
#9 D:\Projek\CI4\opd.intanjayakab.go.id\system\Commands\Server\rewrite.php(43): require_once('...')
#10 {main}
CRITICAL - 2022-02-13 23:12:53 --> Attempt to read property "judul" on null
#0 D:\Projek\CI4\opd.intanjayakab.go.id\app\Views\pages\details_berita.php(8): CodeIgniter\Debug\Exceptions->errorHandler()
#1 D:\Projek\CI4\opd.intanjayakab.go.id\system\View\View.php(210): include('...')
#2 D:\Projek\CI4\opd.intanjayakab.go.id\system\View\View.php(213): CodeIgniter\View\View->CodeIgniter\View\{closure}()
#3 D:\Projek\CI4\opd.intanjayakab.go.id\system\Common.php(1089): CodeIgniter\View\View->render()
#4 D:\Projek\CI4\opd.intanjayakab.go.id\app\Controllers\Home.php(51): view()
#5 D:\Projek\CI4\opd.intanjayakab.go.id\system\CodeIgniter.php(825): App\Controllers\Home->detail_berita()
#6 D:\Projek\CI4\opd.intanjayakab.go.id\system\CodeIgniter.php(412): CodeIgniter\CodeIgniter->runController()
#7 D:\Projek\CI4\opd.intanjayakab.go.id\system\CodeIgniter.php(320): CodeIgniter\CodeIgniter->handleRequest()
#8 D:\Projek\CI4\opd.intanjayakab.go.id\public\index.php(37): CodeIgniter\CodeIgniter->run()
#9 D:\Projek\CI4\opd.intanjayakab.go.id\system\Commands\Server\rewrite.php(43): require_once('...')
#10 {main}
CRITICAL - 2022-02-13 23:13:20 --> Attempt to read property "judul" on null
#0 D:\Projek\CI4\opd.intanjayakab.go.id\app\Views\pages\details_berita.php(8): CodeIgniter\Debug\Exceptions->errorHandler()
#1 D:\Projek\CI4\opd.intanjayakab.go.id\system\View\View.php(210): include('...')
#2 D:\Projek\CI4\opd.intanjayakab.go.id\system\View\View.php(213): CodeIgniter\View\View->CodeIgniter\View\{closure}()
#3 D:\Projek\CI4\opd.intanjayakab.go.id\system\Common.php(1089): CodeIgniter\View\View->render()
#4 D:\Projek\CI4\opd.intanjayakab.go.id\app\Controllers\Home.php(51): view()
#5 D:\Projek\CI4\opd.intanjayakab.go.id\system\CodeIgniter.php(825): App\Controllers\Home->detail_berita()
#6 D:\Projek\CI4\opd.intanjayakab.go.id\system\CodeIgniter.php(412): CodeIgniter\CodeIgniter->runController()
#7 D:\Projek\CI4\opd.intanjayakab.go.id\system\CodeIgniter.php(320): CodeIgniter\CodeIgniter->handleRequest()
#8 D:\Projek\CI4\opd.intanjayakab.go.id\public\index.php(37): CodeIgniter\CodeIgniter->run()
#9 D:\Projek\CI4\opd.intanjayakab.go.id\system\Commands\Server\rewrite.php(43): require_once('...')
#10 {main}
CRITICAL - 2022-02-13 23:13:46 --> Attempt to read property "judul" on null
#0 D:\Projek\CI4\opd.intanjayakab.go.id\app\Views\pages\details_berita.php(8): CodeIgniter\Debug\Exceptions->errorHandler()
#1 D:\Projek\CI4\opd.intanjayakab.go.id\system\View\View.php(210): include('...')
#2 D:\Projek\CI4\opd.intanjayakab.go.id\system\View\View.php(213): CodeIgniter\View\View->CodeIgniter\View\{closure}()
#3 D:\Projek\CI4\opd.intanjayakab.go.id\system\Common.php(1089): CodeIgniter\View\View->render()
#4 D:\Projek\CI4\opd.intanjayakab.go.id\app\Controllers\Home.php(51): view()
#5 D:\Projek\CI4\opd.intanjayakab.go.id\system\CodeIgniter.php(825): App\Controllers\Home->detail_berita()
#6 D:\Projek\CI4\opd.intanjayakab.go.id\system\CodeIgniter.php(412): CodeIgniter\CodeIgniter->runController()
#7 D:\Projek\CI4\opd.intanjayakab.go.id\system\CodeIgniter.php(320): CodeIgniter\CodeIgniter->handleRequest()
#8 D:\Projek\CI4\opd.intanjayakab.go.id\public\index.php(37): CodeIgniter\CodeIgniter->run()
#9 D:\Projek\CI4\opd.intanjayakab.go.id\system\Commands\Server\rewrite.php(43): require_once('...')
#10 {main}
CRITICAL - 2022-02-13 23:14:01 --> Attempt to read property "judul" on null
#0 D:\Projek\CI4\opd.intanjayakab.go.id\app\Views\pages\details_berita.php(8): CodeIgniter\Debug\Exceptions->errorHandler()
#1 D:\Projek\CI4\opd.intanjayakab.go.id\system\View\View.php(210): include('...')
#2 D:\Projek\CI4\opd.intanjayakab.go.id\system\View\View.php(213): CodeIgniter\View\View->CodeIgniter\View\{closure}()
#3 D:\Projek\CI4\opd.intanjayakab.go.id\system\Common.php(1089): CodeIgniter\View\View->render()
#4 D:\Projek\CI4\opd.intanjayakab.go.id\app\Controllers\Home.php(51): view()
#5 D:\Projek\CI4\opd.intanjayakab.go.id\system\CodeIgniter.php(825): App\Controllers\Home->detail_berita()
#6 D:\Projek\CI4\opd.intanjayakab.go.id\system\CodeIgniter.php(412): CodeIgniter\CodeIgniter->runController()
#7 D:\Projek\CI4\opd.intanjayakab.go.id\system\CodeIgniter.php(320): CodeIgniter\CodeIgniter->handleRequest()
#8 D:\Projek\CI4\opd.intanjayakab.go.id\public\index.php(37): CodeIgniter\CodeIgniter->run()
#9 D:\Projek\CI4\opd.intanjayakab.go.id\system\Commands\Server\rewrite.php(43): require_once('...')
#10 {main}
CRITICAL - 2022-02-13 23:24:34 --> Attempt to read property "judul" on null
#0 D:\Projek\CI4\opd.intanjayakab.go.id\app\Views\pages\details_berita.php(8): CodeIgniter\Debug\Exceptions->errorHandler()
#1 D:\Projek\CI4\opd.intanjayakab.go.id\system\View\View.php(210): include('...')
#2 D:\Projek\CI4\opd.intanjayakab.go.id\system\View\View.php(213): CodeIgniter\View\View->CodeIgniter\View\{closure}()
#3 D:\Projek\CI4\opd.intanjayakab.go.id\system\Common.php(1089): CodeIgniter\View\View->render()
#4 D:\Projek\CI4\opd.intanjayakab.go.id\app\Controllers\Home.php(56): view()
#5 D:\Projek\CI4\opd.intanjayakab.go.id\system\CodeIgniter.php(825): App\Controllers\Home->detail_berita()
#6 D:\Projek\CI4\opd.intanjayakab.go.id\system\CodeIgniter.php(412): CodeIgniter\CodeIgniter->runController()
#7 D:\Projek\CI4\opd.intanjayakab.go.id\system\CodeIgniter.php(320): CodeIgniter\CodeIgniter->handleRequest()
#8 D:\Projek\CI4\opd.intanjayakab.go.id\public\index.php(37): CodeIgniter\CodeIgniter->run()
#9 D:\Projek\CI4\opd.intanjayakab.go.id\system\Commands\Server\rewrite.php(43): require_once('...')
#10 {main}
